{"/home/runner/work/civicchain-backend/civicchain-backend/src/config/database.js": {"path":"/home/runner/work/civicchain-backend/civicchain-backend/src/config/database.js","statementMap":{"0":{"start":{"line":1,"column":17},"end":{"line":1,"column":30}},"1":{"start":{"line":2,"column":0},"end":{"line":2,"column":27}},"2":{"start":{"line":4,"column":13},"end":{"line":9,"column":2}},"3":{"start":{"line":12,"column":0},"end":{"line":14,"column":3}},"4":{"start":{"line":13,"column":2},"end":{"line":13,"column":52}},"5":{"start":{"line":16,"column":0},"end":{"line":19,"column":3}},"6":{"start":{"line":17,"column":2},"end":{"line":17,"column":53}},"7":{"start":{"line":18,"column":2},"end":{"line":18,"column":19}},"8":{"start":{"line":21,"column":0},"end":{"line":21,"column":22}}},"fnMap":{"0":{"name":"(anonymous_0)","decl":{"start":{"line":12,"column":19},"end":{"line":12,"column":20}},"loc":{"start":{"line":12,"column":25},"end":{"line":14,"column":1}},"line":12},"1":{"name":"(anonymous_1)","decl":{"start":{"line":16,"column":17},"end":{"line":16,"column":18}},"loc":{"start":{"line":16,"column":26},"end":{"line":19,"column":1}},"line":16}},"branchMap":{},"s":{"0":1,"1":1,"2":1,"3":1,"4":0,"5":1,"6":0,"7":0,"8":1},"f":{"0":0,"1":0},"b":{},"_coverageSchema":"1a1c01bbd47fc00a2c39e90264f33305004495a9","hash":"a18acbd952d52909d20947c857de2eb3b5b646d6"}
,"/home/runner/work/civicchain-backend/civicchain-backend/src/config/migrationRunner.js": {"path":"/home/runner/work/civicchain-backend/civicchain-backend/src/config/migrationRunner.js","statementMap":{"0":{"start":{"line":1,"column":17},"end":{"line":1,"column":30}},"1":{"start":{"line":2,"column":11},"end":{"line":2,"column":24}},"2":{"start":{"line":3,"column":13},"end":{"line":3,"column":28}},"3":{"start":{"line":4,"column":0},"end":{"line":4,"column":27}},"4":{"start":{"line":6,"column":13},"end":{"line":8,"column":2}},"5":{"start":{"line":11,"column":17},"end":{"line":11,"column":37}},"6":{"start":{"line":13,"column":2},"end":{"line":55,"column":3}},"7":{"start":{"line":14,"column":4},"end":{"line":14,"column":54}},"8":{"start":{"line":17,"column":26},"end":{"line":17,"column":63}},"9":{"start":{"line":18,"column":27},"end":{"line":20,"column":13}},"10":{"start":{"line":19,"column":19},"end":{"line":19,"column":37}},"11":{"start":{"line":22,"column":4},"end":{"line":22,"column":68}},"12":{"start":{"line":24,"column":4},"end":{"line":45,"column":5}},"13":{"start":{"line":25,"column":22},"end":{"line":25,"column":46}},"14":{"start":{"line":28,"column":25},"end":{"line":28,"column":83}},"15":{"start":{"line":29,"column":21},"end":{"line":29,"column":62}},"16":{"start":{"line":31,"column":6},"end":{"line":34,"column":7}},"17":{"start":{"line":32,"column":8},"end":{"line":32,"column":62}},"18":{"start":{"line":33,"column":8},"end":{"line":33,"column":17}},"19":{"start":{"line":36,"column":6},"end":{"line":36,"column":51}},"20":{"start":{"line":39,"column":28},"end":{"line":39,"column":58}},"21":{"start":{"line":40,"column":27},"end":{"line":40,"column":65}},"22":{"start":{"line":42,"column":6},"end":{"line":42,"column":39}},"23":{"start":{"line":44,"column":6},"end":{"line":44,"column":53}},"24":{"start":{"line":47,"column":4},"end":{"line":47,"column":61}},"25":{"start":{"line":50,"column":4},"end":{"line":50,"column":48}},"26":{"start":{"line":51,"column":4},"end":{"line":51,"column":16}},"27":{"start":{"line":53,"column":4},"end":{"line":53,"column":21}},"28":{"start":{"line":54,"column":4},"end":{"line":54,"column":21}},"29":{"start":{"line":59,"column":0},"end":{"line":69,"column":1}},"30":{"start":{"line":60,"column":2},"end":{"line":68,"column":7}},"31":{"start":{"line":62,"column":6},"end":{"line":62,"column":49}},"32":{"start":{"line":63,"column":6},"end":{"line":63,"column":22}},"33":{"start":{"line":66,"column":6},"end":{"line":66,"column":55}},"34":{"start":{"line":67,"column":6},"end":{"line":67,"column":22}},"35":{"start":{"line":71,"column":0},"end":{"line":71,"column":35}}},"fnMap":{"0":{"name":"runMigrations","decl":{"start":{"line":10,"column":15},"end":{"line":10,"column":28}},"loc":{"start":{"line":10,"column":31},"end":{"line":56,"column":1}},"line":10},"1":{"name":"(anonymous_1)","decl":{"start":{"line":19,"column":14},"end":{"line":19,"column":15}},"loc":{"start":{"line":19,"column":19},"end":{"line":19,"column":37}},"line":19},"2":{"name":"(anonymous_2)","decl":{"start":{"line":61,"column":10},"end":{"line":61,"column":11}},"loc":{"start":{"line":61,"column":16},"end":{"line":64,"column":5}},"line":61},"3":{"name":"(anonymous_3)","decl":{"start":{"line":65,"column":11},"end":{"line":65,"column":12}},"loc":{"start":{"line":65,"column":22},"end":{"line":68,"column":5}},"line":65}},"branchMap":{"0":{"loc":{"start":{"line":31,"column":6},"end":{"line":34,"column":7}},"type":"if","locations":[{"start":{"line":31,"column":6},"end":{"line":34,"column":7}},{"start":{},"end":{}}],"line":31},"1":{"loc":{"start":{"line":59,"column":0},"end":{"line":69,"column":1}},"type":"if","locations":[{"start":{"line":59,"column":0},"end":{"line":69,"column":1}},{"start":{},"end":{}}],"line":59}},"s":{"0":0,"1":0,"2":0,"3":0,"4":0,"5":0,"6":0,"7":0,"8":0,"9":0,"10":0,"11":0,"12":0,"13":0,"14":0,"15":0,"16":0,"17":0,"18":0,"19":0,"20":0,"21":0,"22":0,"23":0,"24":0,"25":0,"26":0,"27":0,"28":0,"29":0,"30":0,"31":0,"32":0,"33":0,"34":0,"35":0},"f":{"0":0,"1":0,"2":0,"3":0},"b":{"0":[0,0],"1":[0,0]}}
,"/home/runner/work/civicchain-backend/civicchain-backend/src/config/migrations.js": {"path":"/home/runner/work/civicchain-backend/civicchain-backend/src/config/migrations.js","statementMap":{"0":{"start":{"line":1,"column":13},"end":{"line":1,"column":42}},"1":{"start":{"line":4,"column":17},"end":{"line":4,"column":37}},"2":{"start":{"line":6,"column":2},"end":{"line":130,"column":3}},"3":{"start":{"line":7,"column":4},"end":{"line":7,"column":53}},"4":{"start":{"line":10,"column":4},"end":{"line":12,"column":7}},"5":{"start":{"line":13,"column":4},"end":{"line":13,"column":47}},"6":{"start":{"line":16,"column":4},"end":{"line":22,"column":7}},"7":{"start":{"line":24,"column":4},"end":{"line":30,"column":7}},"8":{"start":{"line":32,"column":4},"end":{"line":38,"column":7}},"9":{"start":{"line":40,"column":4},"end":{"line":46,"column":7}},"10":{"start":{"line":47,"column":4},"end":{"line":47,"column":40}},"11":{"start":{"line":50,"column":4},"end":{"line":67,"column":7}},"12":{"start":{"line":68,"column":4},"end":{"line":68,"column":41}},"13":{"start":{"line":71,"column":4},"end":{"line":90,"column":7}},"14":{"start":{"line":91,"column":4},"end":{"line":91,"column":42}},"15":{"start":{"line":94,"column":4},"end":{"line":96,"column":7}},"16":{"start":{"line":97,"column":4},"end":{"line":97,"column":44}},"17":{"start":{"line":100,"column":4},"end":{"line":109,"column":7}},"18":{"start":{"line":110,"column":4},"end":{"line":110,"column":41}},"19":{"start":{"line":113,"column":4},"end":{"line":121,"column":7}},"20":{"start":{"line":122,"column":4},"end":{"line":122,"column":49}},"21":{"start":{"line":124,"column":4},"end":{"line":124,"column":65}},"22":{"start":{"line":126,"column":4},"end":{"line":126,"column":48}},"23":{"start":{"line":127,"column":4},"end":{"line":127,"column":16}},"24":{"start":{"line":129,"column":4},"end":{"line":129,"column":21}},"25":{"start":{"line":134,"column":0},"end":{"line":144,"column":1}},"26":{"start":{"line":135,"column":2},"end":{"line":143,"column":7}},"27":{"start":{"line":137,"column":6},"end":{"line":137,"column":52}},"28":{"start":{"line":138,"column":6},"end":{"line":138,"column":22}},"29":{"start":{"line":141,"column":6},"end":{"line":141,"column":48}},"30":{"start":{"line":142,"column":6},"end":{"line":142,"column":22}},"31":{"start":{"line":146,"column":0},"end":{"line":146,"column":34}}},"fnMap":{"0":{"name":"createTables","decl":{"start":{"line":3,"column":15},"end":{"line":3,"column":27}},"loc":{"start":{"line":3,"column":30},"end":{"line":131,"column":1}},"line":3},"1":{"name":"(anonymous_1)","decl":{"start":{"line":136,"column":10},"end":{"line":136,"column":11}},"loc":{"start":{"line":136,"column":16},"end":{"line":139,"column":5}},"line":136},"2":{"name":"(anonymous_2)","decl":{"start":{"line":140,"column":11},"end":{"line":140,"column":12}},"loc":{"start":{"line":140,"column":22},"end":{"line":143,"column":5}},"line":140}},"branchMap":{"0":{"loc":{"start":{"line":134,"column":0},"end":{"line":144,"column":1}},"type":"if","locations":[{"start":{"line":134,"column":0},"end":{"line":144,"column":1}},{"start":{},"end":{}}],"line":134}},"s":{"0":0,"1":0,"2":0,"3":0,"4":0,"5":0,"6":0,"7":0,"8":0,"9":0,"10":0,"11":0,"12":0,"13":0,"14":0,"15":0,"16":0,"17":0,"18":0,"19":0,"20":0,"21":0,"22":0,"23":0,"24":0,"25":0,"26":0,"27":0,"28":0,"29":0,"30":0,"31":0},"f":{"0":0,"1":0,"2":0},"b":{"0":[0,0]}}
,"/home/runner/work/civicchain-backend/civicchain-backend/src/config/solana.js": {"path":"/home/runner/work/civicchain-backend/civicchain-backend/src/config/solana.js","statementMap":{"0":{"start":{"line":1,"column":116},"end":{"line":1,"column":142}},"1":{"start":{"line":2,"column":0},"end":{"line":2,"column":27}},"2":{"start":{"line":4,"column":19},"end":{"line":7,"column":1}},"3":{"start":{"line":10,"column":20},"end":{"line":10,"column":24}},"4":{"start":{"line":11,"column":0},"end":{"line":19,"column":1}},"5":{"start":{"line":12,"column":2},"end":{"line":18,"column":3}},"6":{"start":{"line":13,"column":28},"end":{"line":13,"column":77}},"7":{"start":{"line":14,"column":4},"end":{"line":14,"column":76}},"8":{"start":{"line":15,"column":4},"end":{"line":15,"column":79}},"9":{"start":{"line":17,"column":4},"end":{"line":17,"column":78}},"10":{"start":{"line":28,"column":2},"end":{"line":30,"column":3}},"11":{"start":{"line":29,"column":4},"end":{"line":29,"column":52}},"12":{"start":{"line":32,"column":29},"end":{"line":32,"column":68}},"13":{"start":{"line":33,"column":19},"end":{"line":33,"column":44}},"14":{"start":{"line":35,"column":22},"end":{"line":41,"column":3}},"15":{"start":{"line":43,"column":20},"end":{"line":48,"column":3}},"16":{"start":{"line":50,"column":2},"end":{"line":50,"column":19}},"17":{"start":{"line":59,"column":20},"end":{"line":59,"column":50}},"18":{"start":{"line":60,"column":18},"end":{"line":60,"column":56}},"19":{"start":{"line":61,"column":2},"end":{"line":61,"column":36}},"20":{"start":{"line":71,"column":18},"end":{"line":71,"column":51}},"21":{"start":{"line":73,"column":2},"end":{"line":76,"column":3}},"22":{"start":{"line":74,"column":4},"end":{"line":74,"column":84}},"23":{"start":{"line":75,"column":4},"end":{"line":75,"column":51}},"24":{"start":{"line":78,"column":2},"end":{"line":78,"column":14}},"25":{"start":{"line":81,"column":0},"end":{"line":87,"column":2}}},"fnMap":{"0":{"name":"fundWallet","decl":{"start":{"line":27,"column":15},"end":{"line":27,"column":25}},"loc":{"start":{"line":27,"column":67},"end":{"line":51,"column":1}},"line":27},"1":{"name":"getBalance","decl":{"start":{"line":58,"column":15},"end":{"line":58,"column":25}},"loc":{"start":{"line":58,"column":43},"end":{"line":62,"column":1}},"line":58},"2":{"name":"checkAndRefillWallet","decl":{"start":{"line":70,"column":15},"end":{"line":70,"column":35}},"loc":{"start":{"line":70,"column":71},"end":{"line":79,"column":1}},"line":70}},"branchMap":{"0":{"loc":{"start":{"line":5,"column":2},"end":{"line":5,"column":63}},"type":"binary-expr","locations":[{"start":{"line":5,"column":2},"end":{"line":5,"column":28}},{"start":{"line":5,"column":32},"end":{"line":5,"column":63}}],"line":5},"1":{"loc":{"start":{"line":11,"column":0},"end":{"line":19,"column":1}},"type":"if","locations":[{"start":{"line":11,"column":0},"end":{"line":19,"column":1}},{"start":{},"end":{}}],"line":11},"2":{"loc":{"start":{"line":27,"column":52},"end":{"line":27,"column":65}},"type":"default-arg","locations":[{"start":{"line":27,"column":61},"end":{"line":27,"column":65}}],"line":27},"3":{"loc":{"start":{"line":28,"column":2},"end":{"line":30,"column":3}},"type":"if","locations":[{"start":{"line":28,"column":2},"end":{"line":30,"column":3}},{"start":{},"end":{}}],"line":28},"4":{"loc":{"start":{"line":70,"column":53},"end":{"line":70,"column":69}},"type":"default-arg","locations":[{"start":{"line":70,"column":65},"end":{"line":70,"column":69}}],"line":70},"5":{"loc":{"start":{"line":73,"column":2},"end":{"line":76,"column":3}},"type":"if","locations":[{"start":{"line":73,"column":2},"end":{"line":76,"column":3}},{"start":{},"end":{}}],"line":73}},"s":{"0":0,"1":0,"2":0,"3":0,"4":0,"5":0,"6":0,"7":0,"8":0,"9":0,"10":0,"11":0,"12":0,"13":0,"14":0,"15":0,"16":0,"17":0,"18":0,"19":0,"20":0,"21":0,"22":0,"23":0,"24":0,"25":0},"f":{"0":0,"1":0,"2":0},"b":{"0":[0,0],"1":[0,0],"2":[0],"3":[0,0],"4":[0],"5":[0,0]}}
,"/home/runner/work/civicchain-backend/civicchain-backend/src/controllers/adminController.js": {"path":"/home/runner/work/civicchain-backend/civicchain-backend/src/controllers/adminController.js","statementMap":{"0":{"start":{"line":1,"column":13},"end":{"line":1,"column":42}},"1":{"start":{"line":2,"column":37},"end":{"line":2,"column":73}},"2":{"start":{"line":9,"column":17},"end":{"line":9,"column":37}},"3":{"start":{"line":11,"column":2},"end":{"line":115,"column":3}},"4":{"start":{"line":13,"column":23},"end":{"line":22,"column":5}},"5":{"start":{"line":23,"column":24},"end":{"line":23,"column":54}},"6":{"start":{"line":24,"column":18},"end":{"line":24,"column":37}},"7":{"start":{"line":27,"column":26},"end":{"line":32,"column":5}},"8":{"start":{"line":33,"column":27},"end":{"line":33,"column":60}},"9":{"start":{"line":36,"column":25},"end":{"line":46,"column":5}},"10":{"start":{"line":47,"column":26},"end":{"line":47,"column":58}},"11":{"start":{"line":50,"column":29},"end":{"line":62,"column":5}},"12":{"start":{"line":63,"column":30},"end":{"line":63,"column":66}},"13":{"start":{"line":65,"column":4},"end":{"line":105,"column":7}},"14":{"start":{"line":75,"column":60},"end":{"line":78,"column":9}},"15":{"start":{"line":80,"column":51},"end":{"line":87,"column":7}},"16":{"start":{"line":88,"column":62},"end":{"line":104,"column":7}},"17":{"start":{"line":108,"column":4},"end":{"line":108,"column":49}},"18":{"start":{"line":109,"column":4},"end":{"line":112,"column":7}},"19":{"start":{"line":114,"column":4},"end":{"line":114,"column":21}},"20":{"start":{"line":123,"column":17},"end":{"line":123,"column":37}},"21":{"start":{"line":125,"column":2},"end":{"line":275,"column":3}},"22":{"start":{"line":126,"column":75},"end":{"line":126,"column":84}},"23":{"start":{"line":128,"column":20},"end":{"line":128,"column":39}},"24":{"start":{"line":129,"column":21},"end":{"line":129,"column":42}},"25":{"start":{"line":130,"column":19},"end":{"line":130,"column":43}},"26":{"start":{"line":132,"column":16},"end":{"line":144,"column":5}},"27":{"start":{"line":146,"column":19},"end":{"line":146,"column":21}},"28":{"start":{"line":147,"column":21},"end":{"line":147,"column":22}},"29":{"start":{"line":150,"column":4},"end":{"line":154,"column":5}},"30":{"start":{"line":151,"column":6},"end":{"line":151,"column":19}},"31":{"start":{"line":152,"column":6},"end":{"line":152,"column":48}},"32":{"start":{"line":153,"column":6},"end":{"line":153,"column":26}},"33":{"start":{"line":156,"column":4},"end":{"line":160,"column":5}},"34":{"start":{"line":157,"column":6},"end":{"line":157,"column":19}},"35":{"start":{"line":158,"column":6},"end":{"line":158,"column":50}},"36":{"start":{"line":159,"column":6},"end":{"line":159,"column":28}},"37":{"start":{"line":162,"column":4},"end":{"line":166,"column":5}},"38":{"start":{"line":163,"column":6},"end":{"line":163,"column":19}},"39":{"start":{"line":164,"column":6},"end":{"line":164,"column":53}},"40":{"start":{"line":165,"column":6},"end":{"line":165,"column":29}},"41":{"start":{"line":168,"column":4},"end":{"line":172,"column":5}},"42":{"start":{"line":169,"column":6},"end":{"line":169,"column":19}},"43":{"start":{"line":170,"column":6},"end":{"line":170,"column":53}},"44":{"start":{"line":171,"column":6},"end":{"line":171,"column":27}},"45":{"start":{"line":175,"column":24},"end":{"line":180,"column":5}},"46":{"start":{"line":181,"column":23},"end":{"line":181,"column":70}},"47":{"start":{"line":182,"column":4},"end":{"line":182,"column":39}},"48":{"start":{"line":185,"column":4},"end":{"line":185,"column":17}},"49":{"start":{"line":186,"column":4},"end":{"line":186,"column":37}},"50":{"start":{"line":187,"column":4},"end":{"line":187,"column":26}},"51":{"start":{"line":189,"column":4},"end":{"line":189,"column":17}},"52":{"start":{"line":190,"column":4},"end":{"line":190,"column":38}},"53":{"start":{"line":191,"column":4},"end":{"line":191,"column":24}},"54":{"start":{"line":193,"column":19},"end":{"line":193,"column":52}},"55":{"start":{"line":196,"column":21},"end":{"line":200,"column":5}},"56":{"start":{"line":202,"column":24},"end":{"line":202,"column":26}},"57":{"start":{"line":203,"column":26},"end":{"line":203,"column":27}},"58":{"start":{"line":205,"column":4},"end":{"line":209,"column":5}},"59":{"start":{"line":206,"column":6},"end":{"line":206,"column":24}},"60":{"start":{"line":207,"column":6},"end":{"line":207,"column":58}},"61":{"start":{"line":208,"column":6},"end":{"line":208,"column":31}},"62":{"start":{"line":211,"column":4},"end":{"line":215,"column":5}},"63":{"start":{"line":212,"column":6},"end":{"line":212,"column":24}},"64":{"start":{"line":213,"column":6},"end":{"line":213,"column":60}},"65":{"start":{"line":214,"column":6},"end":{"line":214,"column":33}},"66":{"start":{"line":217,"column":4},"end":{"line":221,"column":5}},"67":{"start":{"line":218,"column":6},"end":{"line":218,"column":24}},"68":{"start":{"line":219,"column":6},"end":{"line":219,"column":63}},"69":{"start":{"line":220,"column":6},"end":{"line":220,"column":34}},"70":{"start":{"line":223,"column":4},"end":{"line":227,"column":5}},"71":{"start":{"line":224,"column":6},"end":{"line":224,"column":24}},"72":{"start":{"line":225,"column":6},"end":{"line":225,"column":63}},"73":{"start":{"line":226,"column":6},"end":{"line":226,"column":32}},"74":{"start":{"line":229,"column":24},"end":{"line":229,"column":67}},"75":{"start":{"line":230,"column":23},"end":{"line":230,"column":58}},"76":{"start":{"line":232,"column":19},"end":{"line":254,"column":7}},"77":{"start":{"line":232,"column":43},"end":{"line":254,"column":5}},"78":{"start":{"line":256,"column":4},"end":{"line":265,"column":7}},"79":{"start":{"line":268,"column":4},"end":{"line":268,"column":52}},"80":{"start":{"line":269,"column":4},"end":{"line":272,"column":7}},"81":{"start":{"line":274,"column":4},"end":{"line":274,"column":21}},"82":{"start":{"line":283,"column":17},"end":{"line":283,"column":37}},"83":{"start":{"line":285,"column":2},"end":{"line":370,"column":3}},"84":{"start":{"line":286,"column":19},"end":{"line":286,"column":29}},"85":{"start":{"line":287,"column":23},"end":{"line":287,"column":31}},"86":{"start":{"line":290,"column":26},"end":{"line":290,"column":71}},"87":{"start":{"line":291,"column":4},"end":{"line":296,"column":5}},"88":{"start":{"line":292,"column":6},"end":{"line":295,"column":9}},"89":{"start":{"line":298,"column":4},"end":{"line":298,"column":32}},"90":{"start":{"line":301,"column":23},"end":{"line":301,"column":65}},"91":{"start":{"line":302,"column":24},"end":{"line":302,"column":60}},"92":{"start":{"line":304,"column":4},"end":{"line":310,"column":5}},"93":{"start":{"line":305,"column":6},"end":{"line":305,"column":37}},"94":{"start":{"line":306,"column":6},"end":{"line":309,"column":9}},"95":{"start":{"line":313,"column":4},"end":{"line":316,"column":6}},"96":{"start":{"line":319,"column":19},"end":{"line":319,"column":23}},"97":{"start":{"line":320,"column":4},"end":{"line":326,"column":5}},"98":{"start":{"line":321,"column":6},"end":{"line":321,"column":49}},"99":{"start":{"line":322,"column":6},"end":{"line":325,"column":8}},"100":{"start":{"line":329,"column":29},"end":{"line":329,"column":96}},"101":{"start":{"line":330,"column":4},"end":{"line":333,"column":6}},"102":{"start":{"line":335,"column":4},"end":{"line":335,"column":33}},"103":{"start":{"line":338,"column":30},"end":{"line":345,"column":5}},"104":{"start":{"line":346,"column":31},"end":{"line":346,"column":74}},"105":{"start":{"line":347,"column":25},"end":{"line":347,"column":51}},"106":{"start":{"line":349,"column":4},"end":{"line":359,"column":7}},"107":{"start":{"line":362,"column":4},"end":{"line":362,"column":35}},"108":{"start":{"line":363,"column":4},"end":{"line":363,"column":55}},"109":{"start":{"line":364,"column":4},"end":{"line":367,"column":7}},"110":{"start":{"line":369,"column":4},"end":{"line":369,"column":21}},"111":{"start":{"line":373,"column":0},"end":{"line":377,"column":2}}},"fnMap":{"0":{"name":"getDashboard","decl":{"start":{"line":8,"column":15},"end":{"line":8,"column":27}},"loc":{"start":{"line":8,"column":38},"end":{"line":116,"column":1}},"line":8},"1":{"name":"(anonymous_1)","decl":{"start":{"line":75,"column":52},"end":{"line":75,"column":53}},"loc":{"start":{"line":75,"column":60},"end":{"line":78,"column":9}},"line":75},"2":{"name":"(anonymous_2)","decl":{"start":{"line":80,"column":43},"end":{"line":80,"column":44}},"loc":{"start":{"line":80,"column":51},"end":{"line":87,"column":7}},"line":80},"3":{"name":"(anonymous_3)","decl":{"start":{"line":88,"column":54},"end":{"line":88,"column":55}},"loc":{"start":{"line":88,"column":62},"end":{"line":104,"column":7}},"line":88},"4":{"name":"getAdminIssues","decl":{"start":{"line":122,"column":15},"end":{"line":122,"column":29}},"loc":{"start":{"line":122,"column":40},"end":{"line":276,"column":1}},"line":122},"5":{"name":"(anonymous_5)","decl":{"start":{"line":232,"column":35},"end":{"line":232,"column":36}},"loc":{"start":{"line":232,"column":43},"end":{"line":254,"column":5}},"line":232},"6":{"name":"updateIssueStatus","decl":{"start":{"line":282,"column":15},"end":{"line":282,"column":32}},"loc":{"start":{"line":282,"column":43},"end":{"line":371,"column":1}},"line":282}},"branchMap":{"0":{"loc":{"start":{"line":74,"column":33},"end":{"line":74,"column":56}},"type":"binary-expr","locations":[{"start":{"line":74,"column":33},"end":{"line":74,"column":51}},{"start":{"line":74,"column":55},"end":{"line":74,"column":56}}],"line":74},"1":{"loc":{"start":{"line":128,"column":20},"end":{"line":128,"column":39}},"type":"binary-expr","locations":[{"start":{"line":128,"column":20},"end":{"line":128,"column":34}},{"start":{"line":128,"column":38},"end":{"line":128,"column":39}}],"line":128},"2":{"loc":{"start":{"line":129,"column":21},"end":{"line":129,"column":42}},"type":"binary-expr","locations":[{"start":{"line":129,"column":21},"end":{"line":129,"column":36}},{"start":{"line":129,"column":40},"end":{"line":129,"column":42}}],"line":129},"3":{"loc":{"start":{"line":150,"column":4},"end":{"line":154,"column":5}},"type":"if","locations":[{"start":{"line":150,"column":4},"end":{"line":154,"column":5}},{"start":{},"end":{}}],"line":150},"4":{"loc":{"start":{"line":156,"column":4},"end":{"line":160,"column":5}},"type":"if","locations":[{"start":{"line":156,"column":4},"end":{"line":160,"column":5}},{"start":{},"end":{}}],"line":156},"5":{"loc":{"start":{"line":162,"column":4},"end":{"line":166,"column":5}},"type":"if","locations":[{"start":{"line":162,"column":4},"end":{"line":166,"column":5}},{"start":{},"end":{}}],"line":162},"6":{"loc":{"start":{"line":168,"column":4},"end":{"line":172,"column":5}},"type":"if","locations":[{"start":{"line":168,"column":4},"end":{"line":172,"column":5}},{"start":{},"end":{}}],"line":168},"7":{"loc":{"start":{"line":181,"column":23},"end":{"line":181,"column":70}},"type":"binary-expr","locations":[{"start":{"line":181,"column":23},"end":{"line":181,"column":43}},{"start":{"line":181,"column":47},"end":{"line":181,"column":70}}],"line":181},"8":{"loc":{"start":{"line":205,"column":4},"end":{"line":209,"column":5}},"type":"if","locations":[{"start":{"line":205,"column":4},"end":{"line":209,"column":5}},{"start":{},"end":{}}],"line":205},"9":{"loc":{"start":{"line":211,"column":4},"end":{"line":215,"column":5}},"type":"if","locations":[{"start":{"line":211,"column":4},"end":{"line":215,"column":5}},{"start":{},"end":{}}],"line":211},"10":{"loc":{"start":{"line":217,"column":4},"end":{"line":221,"column":5}},"type":"if","locations":[{"start":{"line":217,"column":4},"end":{"line":221,"column":5}},{"start":{},"end":{}}],"line":217},"11":{"loc":{"start":{"line":223,"column":4},"end":{"line":227,"column":5}},"type":"if","locations":[{"start":{"line":223,"column":4},"end":{"line":227,"column":5}},{"start":{},"end":{}}],"line":223},"12":{"loc":{"start":{"line":291,"column":4},"end":{"line":296,"column":5}},"type":"if","locations":[{"start":{"line":291,"column":4},"end":{"line":296,"column":5}},{"start":{},"end":{}}],"line":291},"13":{"loc":{"start":{"line":304,"column":4},"end":{"line":310,"column":5}},"type":"if","locations":[{"start":{"line":304,"column":4},"end":{"line":310,"column":5}},{"start":{},"end":{}}],"line":304},"14":{"loc":{"start":{"line":320,"column":4},"end":{"line":326,"column":5}},"type":"if","locations":[{"start":{"line":320,"column":4},"end":{"line":326,"column":5}},{"start":{},"end":{}}],"line":320}},"s":{"0":0,"1":0,"2":0,"3":0,"4":0,"5":0,"6":0,"7":0,"8":0,"9":0,"10":0,"11":0,"12":0,"13":0,"14":0,"15":0,"16":0,"17":0,"18":0,"19":0,"20":0,"21":0,"22":0,"23":0,"24":0,"25":0,"26":0,"27":0,"28":0,"29":0,"30":0,"31":0,"32":0,"33":0,"34":0,"35":0,"36":0,"37":0,"38":0,"39":0,"40":0,"41":0,"42":0,"43":0,"44":0,"45":0,"46":0,"47":0,"48":0,"49":0,"50":0,"51":0,"52":0,"53":0,"54":0,"55":0,"56":0,"57":0,"58":0,"59":0,"60":0,"61":0,"62":0,"63":0,"64":0,"65":0,"66":0,"67":0,"68":0,"69":0,"70":0,"71":0,"72":0,"73":0,"74":0,"75":0,"76":0,"77":0,"78":0,"79":0,"80":0,"81":0,"82":0,"83":0,"84":0,"85":0,"86":0,"87":0,"88":0,"89":0,"90":0,"91":0,"92":0,"93":0,"94":0,"95":0,"96":0,"97":0,"98":0,"99":0,"100":0,"101":0,"102":0,"103":0,"104":0,"105":0,"106":0,"107":0,"108":0,"109":0,"110":0,"111":0},"f":{"0":0,"1":0,"2":0,"3":0,"4":0,"5":0,"6":0},"b":{"0":[0,0],"1":[0,0],"2":[0,0],"3":[0,0],"4":[0,0],"5":[0,0],"6":[0,0],"7":[0,0],"8":[0,0],"9":[0,0],"10":[0,0],"11":[0,0],"12":[0,0],"13":[0,0],"14":[0,0]}}
,"/home/runner/work/civicchain-backend/civicchain-backend/src/controllers/authController.js": {"path":"/home/runner/work/civicchain-backend/civicchain-backend/src/controllers/authController.js","statementMap":{"0":{"start":{"line":1,"column":12},"end":{"line":1,"column":35}},"1":{"start":{"line":2,"column":23},"end":{"line":2,"column":38}},"2":{"start":{"line":3,"column":13},"end":{"line":3,"column":42}},"3":{"start":{"line":4,"column":20},"end":{"line":4,"column":46}},"4":{"start":{"line":5,"column":42},"end":{"line":5,"column":78}},"5":{"start":{"line":6,"column":0},"end":{"line":6,"column":27}},"6":{"start":{"line":14,"column":17},"end":{"line":14,"column":37}},"7":{"start":{"line":16,"column":2},"end":{"line":136,"column":3}},"8":{"start":{"line":17,"column":26},"end":{"line":17,"column":34}},"9":{"start":{"line":19,"column":4},"end":{"line":24,"column":5}},"10":{"start":{"line":20,"column":6},"end":{"line":23,"column":9}},"11":{"start":{"line":28,"column":4},"end":{"line":35,"column":5}},"12":{"start":{"line":29,"column":6},"end":{"line":29,"column":62}},"13":{"start":{"line":31,"column":6},"end":{"line":34,"column":9}},"14":{"start":{"line":37,"column":37},"end":{"line":37,"column":44}},"15":{"start":{"line":39,"column":4},"end":{"line":44,"column":5}},"16":{"start":{"line":40,"column":6},"end":{"line":43,"column":9}},"17":{"start":{"line":47,"column":30},"end":{"line":47,"column":68}},"18":{"start":{"line":48,"column":31},"end":{"line":48,"column":77}},"19":{"start":{"line":51,"column":16},"end":{"line":51,"column":21}},"20":{"start":{"line":53,"column":4},"end":{"line":105,"column":5}},"21":{"start":{"line":55,"column":6},"end":{"line":55,"column":40}},"22":{"start":{"line":56,"column":6},"end":{"line":56,"column":20}},"23":{"start":{"line":59,"column":24},"end":{"line":59,"column":42}},"24":{"start":{"line":60,"column":28},"end":{"line":60,"column":58}},"25":{"start":{"line":63,"column":30},"end":{"line":70,"column":7}},"26":{"start":{"line":72,"column":21},"end":{"line":72,"column":29}},"27":{"start":{"line":73,"column":26},"end":{"line":73,"column":43}},"28":{"start":{"line":75,"column":27},"end":{"line":84,"column":8}},"29":{"start":{"line":86,"column":6},"end":{"line":86,"column":34}},"30":{"start":{"line":87,"column":6},"end":{"line":87,"column":19}},"31":{"start":{"line":90,"column":6},"end":{"line":96,"column":7}},"32":{"start":{"line":91,"column":28},"end":{"line":91,"column":65}},"33":{"start":{"line":92,"column":8},"end":{"line":92,"column":95}},"34":{"start":{"line":94,"column":8},"end":{"line":94,"column":70}},"35":{"start":{"line":99,"column":6},"end":{"line":104,"column":7}},"36":{"start":{"line":100,"column":29},"end":{"line":100,"column":83}},"37":{"start":{"line":101,"column":8},"end":{"line":101,"column":66}},"38":{"start":{"line":103,"column":8},"end":{"line":103,"column":85}},"39":{"start":{"line":108,"column":4},"end":{"line":126,"column":7}},"40":{"start":{"line":129,"column":4},"end":{"line":129,"column":41}},"41":{"start":{"line":130,"column":4},"end":{"line":133,"column":7}},"42":{"start":{"line":135,"column":4},"end":{"line":135,"column":21}},"43":{"start":{"line":139,"column":0},"end":{"line":141,"column":2}}},"fnMap":{"0":{"name":"login","decl":{"start":{"line":13,"column":15},"end":{"line":13,"column":20}},"loc":{"start":{"line":13,"column":31},"end":{"line":137,"column":1}},"line":13}},"branchMap":{"0":{"loc":{"start":{"line":19,"column":4},"end":{"line":24,"column":5}},"type":"if","locations":[{"start":{"line":19,"column":4},"end":{"line":24,"column":5}},{"start":{},"end":{}}],"line":19},"1":{"loc":{"start":{"line":39,"column":4},"end":{"line":44,"column":5}},"type":"if","locations":[{"start":{"line":39,"column":4},"end":{"line":44,"column":5}},{"start":{},"end":{}}],"line":39},"2":{"loc":{"start":{"line":39,"column":8},"end":{"line":39,"column":23}},"type":"binary-expr","locations":[{"start":{"line":39,"column":8},"end":{"line":39,"column":14}},{"start":{"line":39,"column":18},"end":{"line":39,"column":23}}],"line":39},"3":{"loc":{"start":{"line":53,"column":4},"end":{"line":105,"column":5}},"type":"if","locations":[{"start":{"line":53,"column":4},"end":{"line":105,"column":5}},{"start":{"line":57,"column":11},"end":{"line":105,"column":5}}],"line":53},"4":{"loc":{"start":{"line":79,"column":8},"end":{"line":79,"column":23}},"type":"binary-expr","locations":[{"start":{"line":79,"column":8},"end":{"line":79,"column":15}},{"start":{"line":79,"column":19},"end":{"line":79,"column":23}}],"line":79}},"s":{"0":0,"1":0,"2":0,"3":0,"4":0,"5":0,"6":0,"7":0,"8":0,"9":0,"10":0,"11":0,"12":0,"13":0,"14":0,"15":0,"16":0,"17":0,"18":0,"19":0,"20":0,"21":0,"22":0,"23":0,"24":0,"25":0,"26":0,"27":0,"28":0,"29":0,"30":0,"31":0,"32":0,"33":0,"34":0,"35":0,"36":0,"37":0,"38":0,"39":0,"40":0,"41":0,"42":0,"43":0},"f":{"0":0},"b":{"0":[0,0],"1":[0,0],"2":[0,0],"3":[0,0],"4":[0,0]}}
,"/home/runner/work/civicchain-backend/civicchain-backend/src/controllers/issueController.js": {"path":"/home/runner/work/civicchain-backend/civicchain-backend/src/controllers/issueController.js","statementMap":{"0":{"start":{"line":1,"column":13},"end":{"line":1,"column":42}},"1":{"start":{"line":2,"column":23},"end":{"line":2,"column":38}},"2":{"start":{"line":3,"column":74},"end":{"line":3,"column":102}},"3":{"start":{"line":4,"column":69},"end":{"line":4,"column":99}},"4":{"start":{"line":5,"column":32},"end":{"line":5,"column":64}},"5":{"start":{"line":6,"column":31},"end":{"line":6,"column":67}},"6":{"start":{"line":7,"column":13},"end":{"line":7,"column":28}},"7":{"start":{"line":8,"column":11},"end":{"line":8,"column":24}},"8":{"start":{"line":15,"column":2},"end":{"line":43,"column":3}},"9":{"start":{"line":16,"column":4},"end":{"line":21,"column":5}},"10":{"start":{"line":17,"column":6},"end":{"line":20,"column":9}},"11":{"start":{"line":23,"column":21},"end":{"line":23,"column":52}},"12":{"start":{"line":24,"column":22},"end":{"line":24,"column":78}},"13":{"start":{"line":27,"column":30},"end":{"line":27,"column":66}},"14":{"start":{"line":28,"column":25},"end":{"line":28,"column":65}},"15":{"start":{"line":30,"column":4},"end":{"line":35,"column":7}},"16":{"start":{"line":38,"column":4},"end":{"line":38,"column":56}},"17":{"start":{"line":39,"column":4},"end":{"line":42,"column":7}},"18":{"start":{"line":51,"column":17},"end":{"line":51,"column":37}},"19":{"start":{"line":53,"column":2},"end":{"line":185,"column":3}},"20":{"start":{"line":54,"column":67},"end":{"line":54,"column":75}},"21":{"start":{"line":55,"column":19},"end":{"line":55,"column":35}},"22":{"start":{"line":58,"column":4},"end":{"line":63,"column":5}},"23":{"start":{"line":59,"column":6},"end":{"line":62,"column":9}},"24":{"start":{"line":66,"column":28},"end":{"line":66,"column":83}},"25":{"start":{"line":67,"column":4},"end":{"line":72,"column":5}},"26":{"start":{"line":68,"column":6},"end":{"line":71,"column":9}},"27":{"start":{"line":74,"column":4},"end":{"line":74,"column":32}},"28":{"start":{"line":77,"column":22},"end":{"line":77,"column":62}},"29":{"start":{"line":78,"column":23},"end":{"line":78,"column":62}},"30":{"start":{"line":79,"column":17},"end":{"line":79,"column":35}},"31":{"start":{"line":82,"column":26},"end":{"line":88,"column":6}},"32":{"start":{"line":91,"column":20},"end":{"line":91,"column":28}},"33":{"start":{"line":92,"column":29},"end":{"line":99,"column":5}},"34":{"start":{"line":101,"column":24},"end":{"line":112,"column":6}},"35":{"start":{"line":114,"column":18},"end":{"line":114,"column":37}},"36":{"start":{"line":117,"column":4},"end":{"line":120,"column":6}},"37":{"start":{"line":123,"column":24},"end":{"line":123,"column":94}},"38":{"start":{"line":124,"column":22},"end":{"line":124,"column":55}},"39":{"start":{"line":125,"column":4},"end":{"line":125,"column":95}},"40":{"start":{"line":128,"column":29},"end":{"line":133,"column":6}},"41":{"start":{"line":134,"column":4},"end":{"line":137,"column":6}},"42":{"start":{"line":139,"column":4},"end":{"line":139,"column":33}},"43":{"start":{"line":142,"column":30},"end":{"line":149,"column":5}},"44":{"start":{"line":150,"column":31},"end":{"line":150,"column":79}},"45":{"start":{"line":151,"column":25},"end":{"line":151,"column":51}},"46":{"start":{"line":153,"column":4},"end":{"line":173,"column":7}},"47":{"start":{"line":176,"column":4},"end":{"line":176,"column":35}},"48":{"start":{"line":177,"column":4},"end":{"line":177,"column":48}},"49":{"start":{"line":178,"column":4},"end":{"line":182,"column":7}},"50":{"start":{"line":184,"column":4},"end":{"line":184,"column":21}},"51":{"start":{"line":193,"column":17},"end":{"line":193,"column":37}},"52":{"start":{"line":195,"column":2},"end":{"line":299,"column":3}},"53":{"start":{"line":196,"column":51},"end":{"line":196,"column":60}},"54":{"start":{"line":198,"column":16},"end":{"line":205,"column":5}},"55":{"start":{"line":208,"column":4},"end":{"line":215,"column":5}},"56":{"start":{"line":209,"column":6},"end":{"line":214,"column":8}},"57":{"start":{"line":217,"column":4},"end":{"line":221,"column":6}},"58":{"start":{"line":223,"column":19},"end":{"line":223,"column":21}},"59":{"start":{"line":224,"column":21},"end":{"line":224,"column":22}},"60":{"start":{"line":227,"column":4},"end":{"line":237,"column":5}},"61":{"start":{"line":228,"column":6},"end":{"line":228,"column":22}},"62":{"start":{"line":229,"column":27},"end":{"line":229,"column":41}},"63":{"start":{"line":230,"column":6},"end":{"line":234,"column":9}},"64":{"start":{"line":235,"column":6},"end":{"line":235,"column":66}},"65":{"start":{"line":236,"column":6},"end":{"line":236,"column":19}},"66":{"start":{"line":240,"column":4},"end":{"line":244,"column":5}},"67":{"start":{"line":241,"column":6},"end":{"line":241,"column":19}},"68":{"start":{"line":242,"column":6},"end":{"line":242,"column":50}},"69":{"start":{"line":243,"column":6},"end":{"line":243,"column":28}},"70":{"start":{"line":247,"column":4},"end":{"line":251,"column":5}},"71":{"start":{"line":248,"column":6},"end":{"line":248,"column":19}},"72":{"start":{"line":249,"column":6},"end":{"line":249,"column":48}},"73":{"start":{"line":250,"column":6},"end":{"line":250,"column":26}},"74":{"start":{"line":254,"column":4},"end":{"line":258,"column":5}},"75":{"start":{"line":255,"column":6},"end":{"line":255,"column":63}},"76":{"start":{"line":257,"column":6},"end":{"line":257,"column":68}},"77":{"start":{"line":260,"column":19},"end":{"line":260,"column":52}},"78":{"start":{"line":262,"column":19},"end":{"line":283,"column":7}},"79":{"start":{"line":262,"column":43},"end":{"line":283,"column":5}},"80":{"start":{"line":285,"column":4},"end":{"line":289,"column":7}},"81":{"start":{"line":292,"column":4},"end":{"line":292,"column":46}},"82":{"start":{"line":293,"column":4},"end":{"line":296,"column":7}},"83":{"start":{"line":298,"column":4},"end":{"line":298,"column":21}},"84":{"start":{"line":307,"column":17},"end":{"line":307,"column":37}},"85":{"start":{"line":309,"column":2},"end":{"line":372,"column":3}},"86":{"start":{"line":310,"column":19},"end":{"line":310,"column":29}},"87":{"start":{"line":312,"column":18},"end":{"line":324,"column":5}},"88":{"start":{"line":326,"column":19},"end":{"line":326,"column":50}},"89":{"start":{"line":328,"column":4},"end":{"line":333,"column":5}},"90":{"start":{"line":329,"column":6},"end":{"line":332,"column":9}},"91":{"start":{"line":335,"column":18},"end":{"line":335,"column":32}},"92":{"start":{"line":337,"column":4},"end":{"line":362,"column":7}},"93":{"start":{"line":365,"column":4},"end":{"line":365,"column":51}},"94":{"start":{"line":366,"column":4},"end":{"line":369,"column":7}},"95":{"start":{"line":371,"column":4},"end":{"line":371,"column":21}},"96":{"start":{"line":375,"column":0},"end":{"line":380,"column":2}}},"fnMap":{"0":{"name":"classifyIssue","decl":{"start":{"line":14,"column":15},"end":{"line":14,"column":28}},"loc":{"start":{"line":14,"column":39},"end":{"line":44,"column":1}},"line":14},"1":{"name":"reportIssue","decl":{"start":{"line":50,"column":15},"end":{"line":50,"column":26}},"loc":{"start":{"line":50,"column":37},"end":{"line":186,"column":1}},"line":50},"2":{"name":"getIssues","decl":{"start":{"line":192,"column":15},"end":{"line":192,"column":24}},"loc":{"start":{"line":192,"column":35},"end":{"line":300,"column":1}},"line":192},"3":{"name":"(anonymous_3)","decl":{"start":{"line":262,"column":35},"end":{"line":262,"column":36}},"loc":{"start":{"line":262,"column":43},"end":{"line":283,"column":5}},"line":262},"4":{"name":"getIssueById","decl":{"start":{"line":306,"column":15},"end":{"line":306,"column":27}},"loc":{"start":{"line":306,"column":38},"end":{"line":373,"column":1}},"line":306}},"branchMap":{"0":{"loc":{"start":{"line":16,"column":4},"end":{"line":21,"column":5}},"type":"if","locations":[{"start":{"line":16,"column":4},"end":{"line":21,"column":5}},{"start":{},"end":{}}],"line":16},"1":{"loc":{"start":{"line":28,"column":25},"end":{"line":28,"column":65}},"type":"binary-expr","locations":[{"start":{"line":28,"column":25},"end":{"line":28,"column":60}},{"start":{"line":28,"column":64},"end":{"line":28,"column":65}}],"line":28},"2":{"loc":{"start":{"line":58,"column":4},"end":{"line":63,"column":5}},"type":"if","locations":[{"start":{"line":58,"column":4},"end":{"line":63,"column":5}},{"start":{},"end":{}}],"line":58},"3":{"loc":{"start":{"line":58,"column":8},"end":{"line":58,"column":89}},"type":"binary-expr","locations":[{"start":{"line":58,"column":8},"end":{"line":58,"column":18}},{"start":{"line":58,"column":22},"end":{"line":58,"column":34}},{"start":{"line":58,"column":38},"end":{"line":58,"column":47}},{"start":{"line":58,"column":51},"end":{"line":58,"column":68}},{"start":{"line":58,"column":72},"end":{"line":58,"column":89}}],"line":58},"4":{"loc":{"start":{"line":67,"column":4},"end":{"line":72,"column":5}},"type":"if","locations":[{"start":{"line":67,"column":4},"end":{"line":72,"column":5}},{"start":{},"end":{}}],"line":67},"5":{"loc":{"start":{"line":110,"column":6},"end":{"line":110,"column":20}},"type":"binary-expr","locations":[{"start":{"line":110,"column":6},"end":{"line":110,"column":12}},{"start":{"line":110,"column":16},"end":{"line":110,"column":20}}],"line":110},"6":{"loc":{"start":{"line":208,"column":4},"end":{"line":215,"column":5}},"type":"if","locations":[{"start":{"line":208,"column":4},"end":{"line":215,"column":5}},{"start":{},"end":{}}],"line":208},"7":{"loc":{"start":{"line":208,"column":8},"end":{"line":208,"column":18}},"type":"binary-expr","locations":[{"start":{"line":208,"column":8},"end":{"line":208,"column":11}},{"start":{"line":208,"column":15},"end":{"line":208,"column":18}}],"line":208},"8":{"loc":{"start":{"line":227,"column":4},"end":{"line":237,"column":5}},"type":"if","locations":[{"start":{"line":227,"column":4},"end":{"line":237,"column":5}},{"start":{},"end":{}}],"line":227},"9":{"loc":{"start":{"line":227,"column":8},"end":{"line":227,"column":18}},"type":"binary-expr","locations":[{"start":{"line":227,"column":8},"end":{"line":227,"column":11}},{"start":{"line":227,"column":15},"end":{"line":227,"column":18}}],"line":227},"10":{"loc":{"start":{"line":229,"column":27},"end":{"line":229,"column":41}},"type":"binary-expr","locations":[{"start":{"line":229,"column":27},"end":{"line":229,"column":33}},{"start":{"line":229,"column":37},"end":{"line":229,"column":41}}],"line":229},"11":{"loc":{"start":{"line":240,"column":4},"end":{"line":244,"column":5}},"type":"if","locations":[{"start":{"line":240,"column":4},"end":{"line":244,"column":5}},{"start":{},"end":{}}],"line":240},"12":{"loc":{"start":{"line":247,"column":4},"end":{"line":251,"column":5}},"type":"if","locations":[{"start":{"line":247,"column":4},"end":{"line":251,"column":5}},{"start":{},"end":{}}],"line":247},"13":{"loc":{"start":{"line":254,"column":4},"end":{"line":258,"column":5}},"type":"if","locations":[{"start":{"line":254,"column":4},"end":{"line":258,"column":5}},{"start":{"line":256,"column":11},"end":{"line":258,"column":5}}],"line":254},"14":{"loc":{"start":{"line":254,"column":8},"end":{"line":254,"column":18}},"type":"binary-expr","locations":[{"start":{"line":254,"column":8},"end":{"line":254,"column":11}},{"start":{"line":254,"column":15},"end":{"line":254,"column":18}}],"line":254},"15":{"loc":{"start":{"line":282,"column":16},"end":{"line":282,"column":36}},"type":"binary-expr","locations":[{"start":{"line":282,"column":16},"end":{"line":282,"column":28}},{"start":{"line":282,"column":32},"end":{"line":282,"column":36}}],"line":282},"16":{"loc":{"start":{"line":328,"column":4},"end":{"line":333,"column":5}},"type":"if","locations":[{"start":{"line":328,"column":4},"end":{"line":333,"column":5}},{"start":{},"end":{}}],"line":328}},"s":{"0":0,"1":0,"2":0,"3":0,"4":0,"5":0,"6":0,"7":0,"8":0,"9":0,"10":0,"11":0,"12":0,"13":0,"14":0,"15":0,"16":0,"17":0,"18":0,"19":0,"20":0,"21":0,"22":0,"23":0,"24":0,"25":0,"26":0,"27":0,"28":0,"29":0,"30":0,"31":0,"32":0,"33":0,"34":0,"35":0,"36":0,"37":0,"38":0,"39":0,"40":0,"41":0,"42":0,"43":0,"44":0,"45":0,"46":0,"47":0,"48":0,"49":0,"50":0,"51":0,"52":0,"53":0,"54":0,"55":0,"56":0,"57":0,"58":0,"59":0,"60":0,"61":0,"62":0,"63":0,"64":0,"65":0,"66":0,"67":0,"68":0,"69":0,"70":0,"71":0,"72":0,"73":0,"74":0,"75":0,"76":0,"77":0,"78":0,"79":0,"80":0,"81":0,"82":0,"83":0,"84":0,"85":0,"86":0,"87":0,"88":0,"89":0,"90":0,"91":0,"92":0,"93":0,"94":0,"95":0,"96":0},"f":{"0":0,"1":0,"2":0,"3":0,"4":0},"b":{"0":[0,0],"1":[0,0],"2":[0,0],"3":[0,0,0,0,0],"4":[0,0],"5":[0,0],"6":[0,0],"7":[0,0],"8":[0,0],"9":[0,0],"10":[0,0],"11":[0,0],"12":[0,0],"13":[0,0],"14":[0,0],"15":[0,0],"16":[0,0]}}
,"/home/runner/work/civicchain-backend/civicchain-backend/src/controllers/userController.js": {"path":"/home/runner/work/civicchain-backend/civicchain-backend/src/controllers/userController.js","statementMap":{"0":{"start":{"line":1,"column":13},"end":{"line":1,"column":42}},"1":{"start":{"line":8,"column":17},"end":{"line":8,"column":37}},"2":{"start":{"line":10,"column":2},"end":{"line":52,"column":3}},"3":{"start":{"line":11,"column":19},"end":{"line":11,"column":35}},"4":{"start":{"line":13,"column":18},"end":{"line":13,"column":58}},"5":{"start":{"line":14,"column":19},"end":{"line":14,"column":54}},"6":{"start":{"line":16,"column":4},"end":{"line":21,"column":5}},"7":{"start":{"line":17,"column":6},"end":{"line":20,"column":9}},"8":{"start":{"line":23,"column":17},"end":{"line":23,"column":31}},"9":{"start":{"line":25,"column":4},"end":{"line":42,"column":7}},"10":{"start":{"line":45,"column":4},"end":{"line":45,"column":52}},"11":{"start":{"line":46,"column":4},"end":{"line":49,"column":7}},"12":{"start":{"line":51,"column":4},"end":{"line":51,"column":21}},"13":{"start":{"line":60,"column":17},"end":{"line":60,"column":37}},"14":{"start":{"line":62,"column":2},"end":{"line":104,"column":3}},"15":{"start":{"line":63,"column":24},"end":{"line":63,"column":34}},"16":{"start":{"line":65,"column":18},"end":{"line":65,"column":58}},"17":{"start":{"line":66,"column":19},"end":{"line":66,"column":55}},"18":{"start":{"line":68,"column":4},"end":{"line":73,"column":5}},"19":{"start":{"line":69,"column":6},"end":{"line":72,"column":9}},"20":{"start":{"line":75,"column":17},"end":{"line":75,"column":31}},"21":{"start":{"line":78,"column":4},"end":{"line":94,"column":7}},"22":{"start":{"line":97,"column":4},"end":{"line":97,"column":50}},"23":{"start":{"line":98,"column":4},"end":{"line":101,"column":7}},"24":{"start":{"line":103,"column":4},"end":{"line":103,"column":21}},"25":{"start":{"line":107,"column":0},"end":{"line":110,"column":2}}},"fnMap":{"0":{"name":"getCurrentUser","decl":{"start":{"line":7,"column":15},"end":{"line":7,"column":29}},"loc":{"start":{"line":7,"column":40},"end":{"line":53,"column":1}},"line":7},"1":{"name":"getUserById","decl":{"start":{"line":59,"column":15},"end":{"line":59,"column":26}},"loc":{"start":{"line":59,"column":37},"end":{"line":105,"column":1}},"line":59}},"branchMap":{"0":{"loc":{"start":{"line":16,"column":4},"end":{"line":21,"column":5}},"type":"if","locations":[{"start":{"line":16,"column":4},"end":{"line":21,"column":5}},{"start":{},"end":{}}],"line":16},"1":{"loc":{"start":{"line":68,"column":4},"end":{"line":73,"column":5}},"type":"if","locations":[{"start":{"line":68,"column":4},"end":{"line":73,"column":5}},{"start":{},"end":{}}],"line":68}},"s":{"0":0,"1":0,"2":0,"3":0,"4":0,"5":0,"6":0,"7":0,"8":0,"9":0,"10":0,"11":0,"12":0,"13":0,"14":0,"15":0,"16":0,"17":0,"18":0,"19":0,"20":0,"21":0,"22":0,"23":0,"24":0,"25":0},"f":{"0":0,"1":0},"b":{"0":[0,0],"1":[0,0]}}
,"/home/runner/work/civicchain-backend/civicchain-backend/src/controllers/verificationController.js": {"path":"/home/runner/work/civicchain-backend/civicchain-backend/src/controllers/verificationController.js","statementMap":{"0":{"start":{"line":1,"column":13},"end":{"line":1,"column":42}},"1":{"start":{"line":2,"column":23},"end":{"line":2,"column":38}},"2":{"start":{"line":3,"column":69},"end":{"line":3,"column":99}},"3":{"start":{"line":4,"column":63},"end":{"line":4,"column":99}},"4":{"start":{"line":11,"column":17},"end":{"line":11,"column":37}},"5":{"start":{"line":13,"column":2},"end":{"line":190,"column":3}},"6":{"start":{"line":14,"column":19},"end":{"line":14,"column":29}},"7":{"start":{"line":15,"column":19},"end":{"line":15,"column":35}},"8":{"start":{"line":16,"column":25},"end":{"line":16,"column":33}},"9":{"start":{"line":19,"column":4},"end":{"line":24,"column":5}},"10":{"start":{"line":20,"column":6},"end":{"line":23,"column":9}},"11":{"start":{"line":26,"column":4},"end":{"line":26,"column":32}},"12":{"start":{"line":29,"column":23},"end":{"line":29,"column":65}},"13":{"start":{"line":30,"column":24},"end":{"line":30,"column":60}},"14":{"start":{"line":32,"column":4},"end":{"line":38,"column":5}},"15":{"start":{"line":33,"column":6},"end":{"line":33,"column":37}},"16":{"start":{"line":34,"column":6},"end":{"line":37,"column":9}},"17":{"start":{"line":40,"column":18},"end":{"line":40,"column":37}},"18":{"start":{"line":42,"column":4},"end":{"line":48,"column":5}},"19":{"start":{"line":43,"column":6},"end":{"line":43,"column":37}},"20":{"start":{"line":44,"column":6},"end":{"line":47,"column":9}},"21":{"start":{"line":51,"column":38},"end":{"line":51,"column":104}},"22":{"start":{"line":52,"column":39},"end":{"line":52,"column":98}},"23":{"start":{"line":54,"column":4},"end":{"line":60,"column":5}},"24":{"start":{"line":55,"column":6},"end":{"line":55,"column":37}},"25":{"start":{"line":56,"column":6},"end":{"line":59,"column":9}},"26":{"start":{"line":63,"column":4},"end":{"line":69,"column":5}},"27":{"start":{"line":64,"column":6},"end":{"line":64,"column":37}},"28":{"start":{"line":65,"column":6},"end":{"line":68,"column":9}},"29":{"start":{"line":71,"column":4},"end":{"line":77,"column":5}},"30":{"start":{"line":72,"column":6},"end":{"line":72,"column":37}},"31":{"start":{"line":73,"column":6},"end":{"line":76,"column":9}},"32":{"start":{"line":80,"column":27},"end":{"line":80,"column":35}},"33":{"start":{"line":81,"column":4},"end":{"line":84,"column":6}},"34":{"start":{"line":87,"column":26},"end":{"line":87,"column":66}},"35":{"start":{"line":88,"column":27},"end":{"line":88,"column":70}},"36":{"start":{"line":89,"column":21},"end":{"line":89,"column":43}},"37":{"start":{"line":91,"column":27},"end":{"line":91,"column":101}},"38":{"start":{"line":92,"column":4},"end":{"line":95,"column":6}},"39":{"start":{"line":98,"column":28},"end":{"line":98,"column":98}},"40":{"start":{"line":99,"column":30},"end":{"line":99,"column":67}},"41":{"start":{"line":100,"column":4},"end":{"line":100,"column":103}},"42":{"start":{"line":103,"column":26},"end":{"line":103,"column":66}},"43":{"start":{"line":104,"column":27},"end":{"line":104,"column":86}},"44":{"start":{"line":105,"column":21},"end":{"line":105,"column":43}},"45":{"start":{"line":107,"column":27},"end":{"line":107,"column":98}},"46":{"start":{"line":108,"column":4},"end":{"line":111,"column":6}},"47":{"start":{"line":114,"column":28},"end":{"line":114,"column":114}},"48":{"start":{"line":115,"column":30},"end":{"line":115,"column":67}},"49":{"start":{"line":116,"column":4},"end":{"line":116,"column":119}},"50":{"start":{"line":119,"column":35},"end":{"line":119,"column":100}},"51":{"start":{"line":120,"column":36},"end":{"line":120,"column":84}},"52":{"start":{"line":121,"column":30},"end":{"line":121,"column":77}},"53":{"start":{"line":123,"column":35},"end":{"line":123,"column":36}},"54":{"start":{"line":124,"column":18},"end":{"line":124,"column":47}},"55":{"start":{"line":125,"column":21},"end":{"line":125,"column":26}},"56":{"start":{"line":127,"column":4},"end":{"line":141,"column":5}},"57":{"start":{"line":128,"column":6},"end":{"line":131,"column":8}},"58":{"start":{"line":134,"column":6},"end":{"line":137,"column":8}},"59":{"start":{"line":139,"column":6},"end":{"line":139,"column":99}},"60":{"start":{"line":140,"column":6},"end":{"line":140,"column":24}},"61":{"start":{"line":144,"column":29},"end":{"line":144,"column":72}},"62":{"start":{"line":147,"column":4},"end":{"line":147,"column":75}},"63":{"start":{"line":148,"column":4},"end":{"line":148,"column":75}},"64":{"start":{"line":150,"column":4},"end":{"line":150,"column":33}},"65":{"start":{"line":153,"column":30},"end":{"line":161,"column":5}},"66":{"start":{"line":162,"column":31},"end":{"line":162,"column":74}},"67":{"start":{"line":163,"column":25},"end":{"line":163,"column":51}},"68":{"start":{"line":165,"column":4},"end":{"line":179,"column":7}},"69":{"start":{"line":182,"column":4},"end":{"line":182,"column":35}},"70":{"start":{"line":183,"column":4},"end":{"line":183,"column":48}},"71":{"start":{"line":184,"column":4},"end":{"line":187,"column":7}},"72":{"start":{"line":189,"column":4},"end":{"line":189,"column":21}},"73":{"start":{"line":193,"column":0},"end":{"line":195,"column":2}}},"fnMap":{"0":{"name":"verifyIssue","decl":{"start":{"line":10,"column":15},"end":{"line":10,"column":26}},"loc":{"start":{"line":10,"column":37},"end":{"line":191,"column":1}},"line":10}},"branchMap":{"0":{"loc":{"start":{"line":19,"column":4},"end":{"line":24,"column":5}},"type":"if","locations":[{"start":{"line":19,"column":4},"end":{"line":24,"column":5}},{"start":{},"end":{}}],"line":19},"1":{"loc":{"start":{"line":32,"column":4},"end":{"line":38,"column":5}},"type":"if","locations":[{"start":{"line":32,"column":4},"end":{"line":38,"column":5}},{"start":{},"end":{}}],"line":32},"2":{"loc":{"start":{"line":42,"column":4},"end":{"line":48,"column":5}},"type":"if","locations":[{"start":{"line":42,"column":4},"end":{"line":48,"column":5}},{"start":{},"end":{}}],"line":42},"3":{"loc":{"start":{"line":54,"column":4},"end":{"line":60,"column":5}},"type":"if","locations":[{"start":{"line":54,"column":4},"end":{"line":60,"column":5}},{"start":{},"end":{}}],"line":54},"4":{"loc":{"start":{"line":63,"column":4},"end":{"line":69,"column":5}},"type":"if","locations":[{"start":{"line":63,"column":4},"end":{"line":69,"column":5}},{"start":{},"end":{}}],"line":63},"5":{"loc":{"start":{"line":71,"column":4},"end":{"line":77,"column":5}},"type":"if","locations":[{"start":{"line":71,"column":4},"end":{"line":77,"column":5}},{"start":{},"end":{}}],"line":71},"6":{"loc":{"start":{"line":127,"column":4},"end":{"line":141,"column":5}},"type":"if","locations":[{"start":{"line":127,"column":4},"end":{"line":141,"column":5}},{"start":{},"end":{}}],"line":127}},"s":{"0":0,"1":0,"2":0,"3":0,"4":0,"5":0,"6":0,"7":0,"8":0,"9":0,"10":0,"11":0,"12":0,"13":0,"14":0,"15":0,"16":0,"17":0,"18":0,"19":0,"20":0,"21":0,"22":0,"23":0,"24":0,"25":0,"26":0,"27":0,"28":0,"29":0,"30":0,"31":0,"32":0,"33":0,"34":0,"35":0,"36":0,"37":0,"38":0,"39":0,"40":0,"41":0,"42":0,"43":0,"44":0,"45":0,"46":0,"47":0,"48":0,"49":0,"50":0,"51":0,"52":0,"53":0,"54":0,"55":0,"56":0,"57":0,"58":0,"59":0,"60":0,"61":0,"62":0,"63":0,"64":0,"65":0,"66":0,"67":0,"68":0,"69":0,"70":0,"71":0,"72":0,"73":0},"f":{"0":0},"b":{"0":[0,0],"1":[0,0],"2":[0,0],"3":[0,0],"4":[0,0],"5":[0,0],"6":[0,0]}}
,"/home/runner/work/civicchain-backend/civicchain-backend/src/controllers/voteController.js": {"path":"/home/runner/work/civicchain-backend/civicchain-backend/src/controllers/voteController.js","statementMap":{"0":{"start":{"line":1,"column":13},"end":{"line":1,"column":42}},"1":{"start":{"line":2,"column":23},"end":{"line":2,"column":38}},"2":{"start":{"line":3,"column":32},"end":{"line":3,"column":60}},"3":{"start":{"line":4,"column":69},"end":{"line":4,"column":99}},"4":{"start":{"line":5,"column":55},"end":{"line":5,"column":91}},"5":{"start":{"line":12,"column":17},"end":{"line":12,"column":37}},"6":{"start":{"line":14,"column":2},"end":{"line":130,"column":3}},"7":{"start":{"line":15,"column":19},"end":{"line":15,"column":29}},"8":{"start":{"line":16,"column":19},"end":{"line":16,"column":35}},"9":{"start":{"line":18,"column":4},"end":{"line":18,"column":32}},"10":{"start":{"line":21,"column":23},"end":{"line":21,"column":65}},"11":{"start":{"line":22,"column":24},"end":{"line":22,"column":60}},"12":{"start":{"line":24,"column":4},"end":{"line":30,"column":5}},"13":{"start":{"line":25,"column":6},"end":{"line":25,"column":37}},"14":{"start":{"line":26,"column":6},"end":{"line":29,"column":9}},"15":{"start":{"line":32,"column":18},"end":{"line":32,"column":37}},"16":{"start":{"line":35,"column":30},"end":{"line":35,"column":88}},"17":{"start":{"line":36,"column":31},"end":{"line":36,"column":82}},"18":{"start":{"line":38,"column":4},"end":{"line":44,"column":5}},"19":{"start":{"line":39,"column":6},"end":{"line":39,"column":37}},"20":{"start":{"line":40,"column":6},"end":{"line":43,"column":9}},"21":{"start":{"line":47,"column":4},"end":{"line":53,"column":5}},"22":{"start":{"line":48,"column":6},"end":{"line":48,"column":37}},"23":{"start":{"line":49,"column":6},"end":{"line":52,"column":9}},"24":{"start":{"line":56,"column":19},"end":{"line":56,"column":27}},"25":{"start":{"line":57,"column":4},"end":{"line":60,"column":6}},"26":{"start":{"line":63,"column":4},"end":{"line":66,"column":6}},"27":{"start":{"line":69,"column":26},"end":{"line":69,"column":66}},"28":{"start":{"line":70,"column":27},"end":{"line":70,"column":86}},"29":{"start":{"line":71,"column":21},"end":{"line":71,"column":43}},"30":{"start":{"line":73,"column":19},"end":{"line":73,"column":91}},"31":{"start":{"line":74,"column":4},"end":{"line":77,"column":6}},"32":{"start":{"line":80,"column":28},"end":{"line":80,"column":114}},"33":{"start":{"line":81,"column":22},"end":{"line":81,"column":59}},"34":{"start":{"line":82,"column":4},"end":{"line":82,"column":111}},"35":{"start":{"line":85,"column":29},"end":{"line":85,"column":74}},"36":{"start":{"line":88,"column":4},"end":{"line":88,"column":67}},"37":{"start":{"line":90,"column":4},"end":{"line":90,"column":33}},"38":{"start":{"line":93,"column":24},"end":{"line":93,"column":53}},"39":{"start":{"line":96,"column":30},"end":{"line":103,"column":5}},"40":{"start":{"line":104,"column":31},"end":{"line":104,"column":74}},"41":{"start":{"line":105,"column":25},"end":{"line":105,"column":51}},"42":{"start":{"line":107,"column":4},"end":{"line":119,"column":7}},"43":{"start":{"line":122,"column":4},"end":{"line":122,"column":35}},"44":{"start":{"line":123,"column":4},"end":{"line":123,"column":42}},"45":{"start":{"line":124,"column":4},"end":{"line":127,"column":7}},"46":{"start":{"line":129,"column":4},"end":{"line":129,"column":21}},"47":{"start":{"line":138,"column":17},"end":{"line":138,"column":37}},"48":{"start":{"line":140,"column":2},"end":{"line":256,"column":3}},"49":{"start":{"line":141,"column":19},"end":{"line":141,"column":29}},"50":{"start":{"line":142,"column":19},"end":{"line":142,"column":35}},"51":{"start":{"line":144,"column":4},"end":{"line":144,"column":32}},"52":{"start":{"line":147,"column":23},"end":{"line":147,"column":65}},"53":{"start":{"line":148,"column":24},"end":{"line":148,"column":60}},"54":{"start":{"line":150,"column":4},"end":{"line":156,"column":5}},"55":{"start":{"line":151,"column":6},"end":{"line":151,"column":37}},"56":{"start":{"line":152,"column":6},"end":{"line":155,"column":9}},"57":{"start":{"line":158,"column":18},"end":{"line":158,"column":37}},"58":{"start":{"line":161,"column":30},"end":{"line":161,"column":88}},"59":{"start":{"line":162,"column":31},"end":{"line":162,"column":82}},"60":{"start":{"line":164,"column":4},"end":{"line":170,"column":5}},"61":{"start":{"line":165,"column":6},"end":{"line":165,"column":37}},"62":{"start":{"line":166,"column":6},"end":{"line":169,"column":9}},"63":{"start":{"line":173,"column":4},"end":{"line":179,"column":5}},"64":{"start":{"line":174,"column":6},"end":{"line":174,"column":37}},"65":{"start":{"line":175,"column":6},"end":{"line":178,"column":9}},"66":{"start":{"line":182,"column":19},"end":{"line":182,"column":27}},"67":{"start":{"line":183,"column":4},"end":{"line":186,"column":6}},"68":{"start":{"line":189,"column":4},"end":{"line":192,"column":6}},"69":{"start":{"line":195,"column":26},"end":{"line":195,"column":66}},"70":{"start":{"line":196,"column":27},"end":{"line":196,"column":86}},"71":{"start":{"line":197,"column":21},"end":{"line":197,"column":43}},"72":{"start":{"line":199,"column":19},"end":{"line":199,"column":93}},"73":{"start":{"line":200,"column":4},"end":{"line":203,"column":6}},"74":{"start":{"line":206,"column":28},"end":{"line":206,"column":114}},"75":{"start":{"line":207,"column":22},"end":{"line":207,"column":59}},"76":{"start":{"line":208,"column":4},"end":{"line":208,"column":111}},"77":{"start":{"line":211,"column":29},"end":{"line":211,"column":76}},"78":{"start":{"line":214,"column":4},"end":{"line":214,"column":67}},"79":{"start":{"line":216,"column":4},"end":{"line":216,"column":33}},"80":{"start":{"line":219,"column":24},"end":{"line":219,"column":53}},"81":{"start":{"line":222,"column":30},"end":{"line":229,"column":5}},"82":{"start":{"line":230,"column":31},"end":{"line":230,"column":74}},"83":{"start":{"line":231,"column":25},"end":{"line":231,"column":51}},"84":{"start":{"line":233,"column":4},"end":{"line":245,"column":7}},"85":{"start":{"line":248,"column":4},"end":{"line":248,"column":35}},"86":{"start":{"line":249,"column":4},"end":{"line":249,"column":44}},"87":{"start":{"line":250,"column":4},"end":{"line":253,"column":7}},"88":{"start":{"line":255,"column":4},"end":{"line":255,"column":21}},"89":{"start":{"line":259,"column":0},"end":{"line":262,"column":2}}},"fnMap":{"0":{"name":"upvoteIssue","decl":{"start":{"line":11,"column":15},"end":{"line":11,"column":26}},"loc":{"start":{"line":11,"column":37},"end":{"line":131,"column":1}},"line":11},"1":{"name":"downvoteIssue","decl":{"start":{"line":137,"column":15},"end":{"line":137,"column":28}},"loc":{"start":{"line":137,"column":39},"end":{"line":257,"column":1}},"line":137}},"branchMap":{"0":{"loc":{"start":{"line":24,"column":4},"end":{"line":30,"column":5}},"type":"if","locations":[{"start":{"line":24,"column":4},"end":{"line":30,"column":5}},{"start":{},"end":{}}],"line":24},"1":{"loc":{"start":{"line":38,"column":4},"end":{"line":44,"column":5}},"type":"if","locations":[{"start":{"line":38,"column":4},"end":{"line":44,"column":5}},{"start":{},"end":{}}],"line":38},"2":{"loc":{"start":{"line":47,"column":4},"end":{"line":53,"column":5}},"type":"if","locations":[{"start":{"line":47,"column":4},"end":{"line":53,"column":5}},{"start":{},"end":{}}],"line":47},"3":{"loc":{"start":{"line":150,"column":4},"end":{"line":156,"column":5}},"type":"if","locations":[{"start":{"line":150,"column":4},"end":{"line":156,"column":5}},{"start":{},"end":{}}],"line":150},"4":{"loc":{"start":{"line":164,"column":4},"end":{"line":170,"column":5}},"type":"if","locations":[{"start":{"line":164,"column":4},"end":{"line":170,"column":5}},{"start":{},"end":{}}],"line":164},"5":{"loc":{"start":{"line":173,"column":4},"end":{"line":179,"column":5}},"type":"if","locations":[{"start":{"line":173,"column":4},"end":{"line":179,"column":5}},{"start":{},"end":{}}],"line":173}},"s":{"0":0,"1":0,"2":0,"3":0,"4":0,"5":0,"6":0,"7":0,"8":0,"9":0,"10":0,"11":0,"12":0,"13":0,"14":0,"15":0,"16":0,"17":0,"18":0,"19":0,"20":0,"21":0,"22":0,"23":0,"24":0,"25":0,"26":0,"27":0,"28":0,"29":0,"30":0,"31":0,"32":0,"33":0,"34":0,"35":0,"36":0,"37":0,"38":0,"39":0,"40":0,"41":0,"42":0,"43":0,"44":0,"45":0,"46":0,"47":0,"48":0,"49":0,"50":0,"51":0,"52":0,"53":0,"54":0,"55":0,"56":0,"57":0,"58":0,"59":0,"60":0,"61":0,"62":0,"63":0,"64":0,"65":0,"66":0,"67":0,"68":0,"69":0,"70":0,"71":0,"72":0,"73":0,"74":0,"75":0,"76":0,"77":0,"78":0,"79":0,"80":0,"81":0,"82":0,"83":0,"84":0,"85":0,"86":0,"87":0,"88":0,"89":0},"f":{"0":0,"1":0},"b":{"0":[0,0],"1":[0,0],"2":[0,0],"3":[0,0],"4":[0,0],"5":[0,0]}}
,"/home/runner/work/civicchain-backend/civicchain-backend/src/middleware/auth.js": {"path":"/home/runner/work/civicchain-backend/civicchain-backend/src/middleware/auth.js","statementMap":{"0":{"start":{"line":1,"column":12},"end":{"line":1,"column":35}},"1":{"start":{"line":2,"column":0},"end":{"line":2,"column":27}},"2":{"start":{"line":7,"column":23},"end":{"line":48,"column":1}},"3":{"start":{"line":8,"column":2},"end":{"line":47,"column":3}},"4":{"start":{"line":10,"column":23},"end":{"line":10,"column":48}},"5":{"start":{"line":12,"column":4},"end":{"line":17,"column":5}},"6":{"start":{"line":13,"column":6},"end":{"line":16,"column":9}},"7":{"start":{"line":19,"column":18},"end":{"line":19,"column":41}},"8":{"start":{"line":22,"column":20},"end":{"line":22,"column":61}},"9":{"start":{"line":25,"column":4},"end":{"line":25,"column":23}},"10":{"start":{"line":27,"column":4},"end":{"line":27,"column":11}},"11":{"start":{"line":29,"column":4},"end":{"line":34,"column":5}},"12":{"start":{"line":30,"column":6},"end":{"line":33,"column":9}},"13":{"start":{"line":36,"column":4},"end":{"line":41,"column":5}},"14":{"start":{"line":37,"column":6},"end":{"line":40,"column":9}},"15":{"start":{"line":43,"column":4},"end":{"line":46,"column":7}},"16":{"start":{"line":53,"column":26},"end":{"line":61,"column":1}},"17":{"start":{"line":54,"column":2},"end":{"line":59,"column":3}},"18":{"start":{"line":55,"column":4},"end":{"line":58,"column":7}},"19":{"start":{"line":60,"column":2},"end":{"line":60,"column":9}},"20":{"start":{"line":63,"column":0},"end":{"line":66,"column":2}}},"fnMap":{"0":{"name":"(anonymous_0)","decl":{"start":{"line":7,"column":23},"end":{"line":7,"column":24}},"loc":{"start":{"line":7,"column":49},"end":{"line":48,"column":1}},"line":7},"1":{"name":"(anonymous_1)","decl":{"start":{"line":53,"column":26},"end":{"line":53,"column":27}},"loc":{"start":{"line":53,"column":46},"end":{"line":61,"column":1}},"line":53}},"branchMap":{"0":{"loc":{"start":{"line":12,"column":4},"end":{"line":17,"column":5}},"type":"if","locations":[{"start":{"line":12,"column":4},"end":{"line":17,"column":5}},{"start":{},"end":{}}],"line":12},"1":{"loc":{"start":{"line":12,"column":8},"end":{"line":12,"column":56}},"type":"binary-expr","locations":[{"start":{"line":12,"column":8},"end":{"line":12,"column":19}},{"start":{"line":12,"column":23},"end":{"line":12,"column":56}}],"line":12},"2":{"loc":{"start":{"line":29,"column":4},"end":{"line":34,"column":5}},"type":"if","locations":[{"start":{"line":29,"column":4},"end":{"line":34,"column":5}},{"start":{},"end":{}}],"line":29},"3":{"loc":{"start":{"line":36,"column":4},"end":{"line":41,"column":5}},"type":"if","locations":[{"start":{"line":36,"column":4},"end":{"line":41,"column":5}},{"start":{},"end":{}}],"line":36},"4":{"loc":{"start":{"line":54,"column":2},"end":{"line":59,"column":3}},"type":"if","locations":[{"start":{"line":54,"column":2},"end":{"line":59,"column":3}},{"start":{},"end":{}}],"line":54}},"s":{"0":0,"1":0,"2":0,"3":0,"4":0,"5":0,"6":0,"7":0,"8":0,"9":0,"10":0,"11":0,"12":0,"13":0,"14":0,"15":0,"16":0,"17":0,"18":0,"19":0,"20":0},"f":{"0":0,"1":0},"b":{"0":[0,0],"1":[0,0],"2":[0,0],"3":[0,0],"4":[0,0]}}
,"/home/runner/work/civicchain-backend/civicchain-backend/src/routes/adminRoutes.js": {"path":"/home/runner/work/civicchain-backend/civicchain-backend/src/routes/adminRoutes.js","statementMap":{"0":{"start":{"line":1,"column":16},"end":{"line":1,"column":34}},"1":{"start":{"line":2,"column":15},"end":{"line":2,"column":31}},"2":{"start":{"line":3,"column":41},"end":{"line":3,"column":82}},"3":{"start":{"line":4,"column":46},"end":{"line":4,"column":75}},"4":{"start":{"line":7,"column":0},"end":{"line":7,"column":74}},"5":{"start":{"line":10,"column":0},"end":{"line":10,"column":73}},"6":{"start":{"line":12,"column":0},"end":{"line":12,"column":24}}},"fnMap":{},"branchMap":{},"s":{"0":0,"1":0,"2":0,"3":0,"4":0,"5":0,"6":0},"f":{},"b":{}}
,"/home/runner/work/civicchain-backend/civicchain-backend/src/routes/authRoutes.js": {"path":"/home/runner/work/civicchain-backend/civicchain-backend/src/routes/authRoutes.js","statementMap":{"0":{"start":{"line":1,"column":16},"end":{"line":1,"column":34}},"1":{"start":{"line":2,"column":15},"end":{"line":2,"column":31}},"2":{"start":{"line":3,"column":18},"end":{"line":3,"column":58}},"3":{"start":{"line":6,"column":0},"end":{"line":6,"column":29}},"4":{"start":{"line":8,"column":0},"end":{"line":8,"column":24}}},"fnMap":{},"branchMap":{},"s":{"0":0,"1":0,"2":0,"3":0,"4":0},"f":{},"b":{}}
,"/home/runner/work/civicchain-backend/civicchain-backend/src/routes/issueRoutes.js": {"path":"/home/runner/work/civicchain-backend/civicchain-backend/src/routes/issueRoutes.js","statementMap":{"0":{"start":{"line":1,"column":16},"end":{"line":1,"column":34}},"1":{"start":{"line":2,"column":15},"end":{"line":2,"column":31}},"2":{"start":{"line":3,"column":15},"end":{"line":3,"column":32}},"3":{"start":{"line":4,"column":13},"end":{"line":4,"column":28}},"4":{"start":{"line":5,"column":64},"end":{"line":5,"column":105}},"5":{"start":{"line":6,"column":39},"end":{"line":6,"column":79}},"6":{"start":{"line":7,"column":24},"end":{"line":7,"column":72}},"7":{"start":{"line":8,"column":30},"end":{"line":8,"column":71}},"8":{"start":{"line":9,"column":46},"end":{"line":9,"column":75}},"9":{"start":{"line":12,"column":16},"end":{"line":20,"column":2}},"10":{"start":{"line":14,"column":4},"end":{"line":14,"column":25}},"11":{"start":{"line":17,"column":25},"end":{"line":17,"column":75}},"12":{"start":{"line":18,"column":4},"end":{"line":18,"column":61}},"13":{"start":{"line":22,"column":15},"end":{"line":35,"column":2}},"14":{"start":{"line":28,"column":25},"end":{"line":28,"column":111}},"15":{"start":{"line":29,"column":4},"end":{"line":33,"column":5}},"16":{"start":{"line":30,"column":6},"end":{"line":30,"column":21}},"17":{"start":{"line":32,"column":6},"end":{"line":32,"column":78}},"18":{"start":{"line":38,"column":0},"end":{"line":38,"column":80}},"19":{"start":{"line":41,"column":0},"end":{"line":41,"column":52}},"20":{"start":{"line":44,"column":0},"end":{"line":44,"column":43}},"21":{"start":{"line":47,"column":0},"end":{"line":47,"column":49}},"22":{"start":{"line":50,"column":0},"end":{"line":50,"column":56}},"23":{"start":{"line":53,"column":0},"end":{"line":53,"column":60}},"24":{"start":{"line":56,"column":0},"end":{"line":56,"column":56}},"25":{"start":{"line":59,"column":0},"end":{"line":59,"column":118}},"26":{"start":{"line":61,"column":0},"end":{"line":61,"column":24}}},"fnMap":{"0":{"name":"(anonymous_0)","decl":{"start":{"line":13,"column":15},"end":{"line":13,"column":16}},"loc":{"start":{"line":13,"column":34},"end":{"line":15,"column":3}},"line":13},"1":{"name":"(anonymous_1)","decl":{"start":{"line":16,"column":12},"end":{"line":16,"column":13}},"loc":{"start":{"line":16,"column":31},"end":{"line":19,"column":3}},"line":16},"2":{"name":"(anonymous_2)","decl":{"start":{"line":27,"column":14},"end":{"line":27,"column":15}},"loc":{"start":{"line":27,"column":33},"end":{"line":34,"column":3}},"line":27}},"branchMap":{"0":{"loc":{"start":{"line":25,"column":14},"end":{"line":25,"column":61}},"type":"binary-expr","locations":[{"start":{"line":25,"column":14},"end":{"line":25,"column":49}},{"start":{"line":25,"column":53},"end":{"line":25,"column":61}}],"line":25},"1":{"loc":{"start":{"line":28,"column":25},"end":{"line":28,"column":111}},"type":"binary-expr","locations":[{"start":{"line":28,"column":25},"end":{"line":28,"column":67}},{"start":{"line":28,"column":71},"end":{"line":28,"column":111}}],"line":28},"2":{"loc":{"start":{"line":29,"column":4},"end":{"line":33,"column":5}},"type":"if","locations":[{"start":{"line":29,"column":4},"end":{"line":33,"column":5}},{"start":{"line":31,"column":11},"end":{"line":33,"column":5}}],"line":29}},"s":{"0":0,"1":0,"2":0,"3":0,"4":0,"5":0,"6":0,"7":0,"8":0,"9":0,"10":0,"11":0,"12":0,"13":0,"14":0,"15":0,"16":0,"17":0,"18":0,"19":0,"20":0,"21":0,"22":0,"23":0,"24":0,"25":0,"26":0},"f":{"0":0,"1":0,"2":0},"b":{"0":[0,0],"1":[0,0],"2":[0,0]}}
,"/home/runner/work/civicchain-backend/civicchain-backend/src/routes/userRoutes.js": {"path":"/home/runner/work/civicchain-backend/civicchain-backend/src/routes/userRoutes.js","statementMap":{"0":{"start":{"line":1,"column":16},"end":{"line":1,"column":34}},"1":{"start":{"line":2,"column":15},"end":{"line":2,"column":31}},"2":{"start":{"line":3,"column":40},"end":{"line":3,"column":80}},"3":{"start":{"line":4,"column":27},"end":{"line":4,"column":56}},"4":{"start":{"line":7,"column":0},"end":{"line":7,"column":50}},"5":{"start":{"line":10,"column":0},"end":{"line":10,"column":53}},"6":{"start":{"line":12,"column":0},"end":{"line":12,"column":24}}},"fnMap":{},"branchMap":{},"s":{"0":0,"1":0,"2":0,"3":0,"4":0,"5":0,"6":0},"f":{},"b":{}}
,"/home/runner/work/civicchain-backend/civicchain-backend/src/services/aiService.js": {"path":"/home/runner/work/civicchain-backend/civicchain-backend/src/services/aiService.js","statementMap":{"0":{"start":{"line":1,"column":14},"end":{"line":1,"column":30}},"1":{"start":{"line":2,"column":11},"end":{"line":2,"column":24}},"2":{"start":{"line":3,"column":0},"end":{"line":3,"column":27}},"3":{"start":{"line":11,"column":2},"end":{"line":65,"column":3}},"4":{"start":{"line":12,"column":25},"end":{"line":12,"column":78}},"5":{"start":{"line":13,"column":29},"end":{"line":13,"column":84}},"6":{"start":{"line":16,"column":24},"end":{"line":16,"column":74}},"7":{"start":{"line":19,"column":21},"end":{"line":27,"column":6}},"8":{"start":{"line":29,"column":24},"end":{"line":29,"column":49}},"9":{"start":{"line":32,"column":4},"end":{"line":35,"column":5}},"10":{"start":{"line":33,"column":6},"end":{"line":33,"column":61}},"11":{"start":{"line":34,"column":6},"end":{"line":34,"column":21}},"12":{"start":{"line":38,"column":26},"end":{"line":38,"column":69}},"13":{"start":{"line":38,"column":59},"end":{"line":38,"column":66}},"14":{"start":{"line":41,"column":4},"end":{"line":48,"column":5}},"15":{"start":{"line":42,"column":42},"end":{"line":44,"column":23}},"16":{"start":{"line":43,"column":8},"end":{"line":43,"column":47}},"17":{"start":{"line":46,"column":6},"end":{"line":46,"column":149}},"18":{"start":{"line":47,"column":6},"end":{"line":47,"column":66}},"19":{"start":{"line":51,"column":26},"end":{"line":51,"column":46}},"20":{"start":{"line":52,"column":4},"end":{"line":52,"column":102}},"21":{"start":{"line":53,"column":4},"end":{"line":53,"column":44}},"22":{"start":{"line":56,"column":4},"end":{"line":56,"column":61}},"23":{"start":{"line":59,"column":4},"end":{"line":62,"column":5}},"24":{"start":{"line":60,"column":6},"end":{"line":60,"column":70}},"25":{"start":{"line":61,"column":6},"end":{"line":61,"column":21}},"26":{"start":{"line":64,"column":4},"end":{"line":64,"column":16}},"27":{"start":{"line":74,"column":22},"end":{"line":86,"column":3}},"28":{"start":{"line":88,"column":21},"end":{"line":88,"column":49}},"29":{"start":{"line":89,"column":2},"end":{"line":89,"column":44}},"30":{"start":{"line":92,"column":0},"end":{"line":95,"column":2}}},"fnMap":{"0":{"name":"classifyImageWithAI","decl":{"start":{"line":10,"column":15},"end":{"line":10,"column":34}},"loc":{"start":{"line":10,"column":46},"end":{"line":66,"column":1}},"line":10},"1":{"name":"(anonymous_1)","decl":{"start":{"line":38,"column":54},"end":{"line":38,"column":55}},"loc":{"start":{"line":38,"column":59},"end":{"line":38,"column":66}},"line":38},"2":{"name":"(anonymous_2)","decl":{"start":{"line":42,"column":61},"end":{"line":42,"column":62}},"loc":{"start":{"line":43,"column":8},"end":{"line":43,"column":47}},"line":43},"3":{"name":"normalizeCategory","decl":{"start":{"line":73,"column":9},"end":{"line":73,"column":26}},"loc":{"start":{"line":73,"column":36},"end":{"line":90,"column":1}},"line":73}},"branchMap":{"0":{"loc":{"start":{"line":12,"column":25},"end":{"line":12,"column":78}},"type":"binary-expr","locations":[{"start":{"line":12,"column":25},"end":{"line":12,"column":51}},{"start":{"line":12,"column":55},"end":{"line":12,"column":78}}],"line":12},"1":{"loc":{"start":{"line":13,"column":29},"end":{"line":13,"column":84}},"type":"binary-expr","locations":[{"start":{"line":13,"column":29},"end":{"line":13,"column":58}},{"start":{"line":13,"column":62},"end":{"line":13,"column":84}}],"line":13},"2":{"loc":{"start":{"line":32,"column":4},"end":{"line":35,"column":5}},"type":"if","locations":[{"start":{"line":32,"column":4},"end":{"line":35,"column":5}},{"start":{},"end":{}}],"line":32},"3":{"loc":{"start":{"line":32,"column":8},"end":{"line":32,"column":48}},"type":"binary-expr","locations":[{"start":{"line":32,"column":8},"end":{"line":32,"column":20}},{"start":{"line":32,"column":24},"end":{"line":32,"column":48}}],"line":32},"4":{"loc":{"start":{"line":41,"column":4},"end":{"line":48,"column":5}},"type":"if","locations":[{"start":{"line":41,"column":4},"end":{"line":48,"column":5}},{"start":{},"end":{}}],"line":41},"5":{"loc":{"start":{"line":43,"column":8},"end":{"line":43,"column":47}},"type":"cond-expr","locations":[{"start":{"line":43,"column":40},"end":{"line":43,"column":41}},{"start":{"line":43,"column":44},"end":{"line":43,"column":47}}],"line":43},"6":{"loc":{"start":{"line":59,"column":4},"end":{"line":62,"column":5}},"type":"if","locations":[{"start":{"line":59,"column":4},"end":{"line":62,"column":5}},{"start":{},"end":{}}],"line":59},"7":{"loc":{"start":{"line":59,"column":8},"end":{"line":59,"column":67}},"type":"binary-expr","locations":[{"start":{"line":59,"column":8},"end":{"line":59,"column":37}},{"start":{"line":59,"column":41},"end":{"line":59,"column":67}}],"line":59},"8":{"loc":{"start":{"line":89,"column":9},"end":{"line":89,"column":43}},"type":"binary-expr","locations":[{"start":{"line":89,"column":9},"end":{"line":89,"column":32}},{"start":{"line":89,"column":36},"end":{"line":89,"column":43}}],"line":89}},"s":{"0":1,"1":1,"2":1,"3":0,"4":0,"5":0,"6":0,"7":0,"8":0,"9":0,"10":0,"11":0,"12":0,"13":0,"14":0,"15":0,"16":0,"17":0,"18":0,"19":0,"20":0,"21":0,"22":0,"23":0,"24":0,"25":0,"26":0,"27":15,"28":15,"29":15,"30":1},"f":{"0":0,"1":0,"2":0,"3":15},"b":{"0":[0,0],"1":[0,0],"2":[0,0],"3":[0,0],"4":[0,0],"5":[0,0],"6":[0,0],"7":[0,0],"8":[15,3]},"_coverageSchema":"1a1c01bbd47fc00a2c39e90264f33305004495a9","hash":"3623bf9c015ce316d2eab411b517cb35f8bbbadc"}
,"/home/runner/work/civicchain-backend/civicchain-backend/src/services/solanaService.js": {"path":"/home/runner/work/civicchain-backend/civicchain-backend/src/services/solanaService.js","statementMap":{"0":{"start":{"line":9,"column":4},"end":{"line":9,"column":30}},"1":{"start":{"line":10,"column":46},"end":{"line":10,"column":74}},"2":{"start":{"line":11,"column":0},"end":{"line":11,"column":27}},"3":{"start":{"line":14,"column":20},"end":{"line":14,"column":24}},"4":{"start":{"line":15,"column":0},"end":{"line":23,"column":1}},"5":{"start":{"line":16,"column":2},"end":{"line":22,"column":3}},"6":{"start":{"line":17,"column":28},"end":{"line":17,"column":77}},"7":{"start":{"line":18,"column":4},"end":{"line":18,"column":76}},"8":{"start":{"line":19,"column":4},"end":{"line":19,"column":79}},"9":{"start":{"line":21,"column":4},"end":{"line":21,"column":78}},"10":{"start":{"line":25,"column":19},"end":{"line":28,"column":1}},"11":{"start":{"line":31,"column":19},"end":{"line":33,"column":8}},"12":{"start":{"line":43,"column":2},"end":{"line":58,"column":3}},"13":{"start":{"line":44,"column":4},"end":{"line":47,"column":5}},"14":{"start":{"line":45,"column":6},"end":{"line":45,"column":87}},"15":{"start":{"line":46,"column":6},"end":{"line":46,"column":42}},"16":{"start":{"line":51,"column":23},"end":{"line":51,"column":76}},"17":{"start":{"line":52,"column":4},"end":{"line":52,"column":59}},"18":{"start":{"line":53,"column":4},"end":{"line":53,"column":22}},"19":{"start":{"line":56,"column":4},"end":{"line":56,"column":58}},"20":{"start":{"line":57,"column":4},"end":{"line":57,"column":16}},"21":{"start":{"line":67,"column":2},"end":{"line":82,"column":3}},"22":{"start":{"line":68,"column":4},"end":{"line":71,"column":5}},"23":{"start":{"line":69,"column":6},"end":{"line":69,"column":88}},"24":{"start":{"line":70,"column":6},"end":{"line":70,"column":43}},"25":{"start":{"line":75,"column":23},"end":{"line":75,"column":82}},"26":{"start":{"line":76,"column":4},"end":{"line":76,"column":60}},"27":{"start":{"line":77,"column":4},"end":{"line":77,"column":22}},"28":{"start":{"line":80,"column":4},"end":{"line":80,"column":59}},"29":{"start":{"line":81,"column":4},"end":{"line":81,"column":16}},"30":{"start":{"line":93,"column":2},"end":{"line":107,"column":3}},"31":{"start":{"line":94,"column":4},"end":{"line":97,"column":5}},"32":{"start":{"line":95,"column":6},"end":{"line":95,"column":88}},"33":{"start":{"line":96,"column":6},"end":{"line":96,"column":42}},"34":{"start":{"line":100,"column":23},"end":{"line":100,"column":82}},"35":{"start":{"line":101,"column":4},"end":{"line":101,"column":67}},"36":{"start":{"line":102,"column":4},"end":{"line":102,"column":22}},"37":{"start":{"line":105,"column":4},"end":{"line":105,"column":59}},"38":{"start":{"line":106,"column":4},"end":{"line":106,"column":16}},"39":{"start":{"line":117,"column":2},"end":{"line":131,"column":3}},"40":{"start":{"line":118,"column":4},"end":{"line":121,"column":5}},"41":{"start":{"line":119,"column":6},"end":{"line":119,"column":86}},"42":{"start":{"line":120,"column":6},"end":{"line":120,"column":44}},"43":{"start":{"line":124,"column":23},"end":{"line":124,"column":72}},"44":{"start":{"line":125,"column":4},"end":{"line":125,"column":68}},"45":{"start":{"line":126,"column":4},"end":{"line":126,"column":22}},"46":{"start":{"line":129,"column":4},"end":{"line":129,"column":67}},"47":{"start":{"line":130,"column":4},"end":{"line":130,"column":16}},"48":{"start":{"line":142,"column":2},"end":{"line":156,"column":3}},"49":{"start":{"line":143,"column":4},"end":{"line":146,"column":5}},"50":{"start":{"line":144,"column":6},"end":{"line":144,"column":87}},"51":{"start":{"line":145,"column":6},"end":{"line":145,"column":44}},"52":{"start":{"line":149,"column":23},"end":{"line":149,"column":85}},"53":{"start":{"line":150,"column":4},"end":{"line":150,"column":67}},"54":{"start":{"line":151,"column":4},"end":{"line":151,"column":22}},"55":{"start":{"line":154,"column":4},"end":{"line":154,"column":66}},"56":{"start":{"line":155,"column":4},"end":{"line":155,"column":16}},"57":{"start":{"line":166,"column":2},"end":{"line":180,"column":3}},"58":{"start":{"line":167,"column":4},"end":{"line":170,"column":5}},"59":{"start":{"line":168,"column":6},"end":{"line":168,"column":91}},"60":{"start":{"line":169,"column":6},"end":{"line":169,"column":41}},"61":{"start":{"line":173,"column":23},"end":{"line":173,"column":75}},"62":{"start":{"line":174,"column":4},"end":{"line":174,"column":65}},"63":{"start":{"line":175,"column":4},"end":{"line":175,"column":22}},"64":{"start":{"line":178,"column":4},"end":{"line":178,"column":64}},"65":{"start":{"line":179,"column":4},"end":{"line":179,"column":16}},"66":{"start":{"line":190,"column":2},"end":{"line":192,"column":3}},"67":{"start":{"line":191,"column":4},"end":{"line":191,"column":52}},"68":{"start":{"line":194,"column":29},"end":{"line":194,"column":68}},"69":{"start":{"line":195,"column":19},"end":{"line":195,"column":44}},"70":{"start":{"line":197,"column":22},"end":{"line":203,"column":3}},"71":{"start":{"line":205,"column":20},"end":{"line":210,"column":3}},"72":{"start":{"line":212,"column":2},"end":{"line":212,"column":19}},"73":{"start":{"line":221,"column":20},"end":{"line":221,"column":50}},"74":{"start":{"line":222,"column":18},"end":{"line":222,"column":56}},"75":{"start":{"line":223,"column":2},"end":{"line":223,"column":36}},"76":{"start":{"line":233,"column":18},"end":{"line":233,"column":51}},"77":{"start":{"line":235,"column":2},"end":{"line":238,"column":3}},"78":{"start":{"line":236,"column":4},"end":{"line":236,"column":84}},"79":{"start":{"line":237,"column":4},"end":{"line":237,"column":51}},"80":{"start":{"line":240,"column":2},"end":{"line":240,"column":14}},"81":{"start":{"line":243,"column":0},"end":{"line":255,"column":2}}},"fnMap":{"0":{"name":"createUserOnChain","decl":{"start":{"line":42,"column":15},"end":{"line":42,"column":32}},"loc":{"start":{"line":42,"column":84},"end":{"line":59,"column":1}},"line":42},"1":{"name":"createIssueOnChain","decl":{"start":{"line":66,"column":15},"end":{"line":66,"column":33}},"loc":{"start":{"line":66,"column":45},"end":{"line":83,"column":1}},"line":66},"2":{"name":"recordVoteOnChain","decl":{"start":{"line":92,"column":15},"end":{"line":92,"column":32}},"loc":{"start":{"line":92,"column":61},"end":{"line":108,"column":1}},"line":92},"3":{"name":"recordVerificationOnChain","decl":{"start":{"line":116,"column":15},"end":{"line":116,"column":40}},"loc":{"start":{"line":116,"column":62},"end":{"line":132,"column":1}},"line":116},"4":{"name":"updateIssueStatusOnChain","decl":{"start":{"line":141,"column":15},"end":{"line":141,"column":39}},"loc":{"start":{"line":141,"column":78},"end":{"line":157,"column":1}},"line":141},"5":{"name":"updateReputationOnChain","decl":{"start":{"line":165,"column":15},"end":{"line":165,"column":38}},"loc":{"start":{"line":165,"column":62},"end":{"line":181,"column":1}},"line":165},"6":{"name":"fundWallet","decl":{"start":{"line":189,"column":15},"end":{"line":189,"column":25}},"loc":{"start":{"line":189,"column":67},"end":{"line":213,"column":1}},"line":189},"7":{"name":"getBalance","decl":{"start":{"line":220,"column":15},"end":{"line":220,"column":25}},"loc":{"start":{"line":220,"column":43},"end":{"line":224,"column":1}},"line":220},"8":{"name":"checkAndRefillWallet","decl":{"start":{"line":232,"column":15},"end":{"line":232,"column":35}},"loc":{"start":{"line":232,"column":71},"end":{"line":241,"column":1}},"line":232}},"branchMap":{"0":{"loc":{"start":{"line":15,"column":0},"end":{"line":23,"column":1}},"type":"if","locations":[{"start":{"line":15,"column":0},"end":{"line":23,"column":1}},{"start":{},"end":{}}],"line":15},"1":{"loc":{"start":{"line":26,"column":2},"end":{"line":26,"column":63}},"type":"binary-expr","locations":[{"start":{"line":26,"column":2},"end":{"line":26,"column":28}},{"start":{"line":26,"column":32},"end":{"line":26,"column":63}}],"line":26},"2":{"loc":{"start":{"line":31,"column":19},"end":{"line":33,"column":8}},"type":"cond-expr","locations":[{"start":{"line":32,"column":4},"end":{"line":32,"column":48}},{"start":{"line":33,"column":4},"end":{"line":33,"column":8}}],"line":31},"3":{"loc":{"start":{"line":42,"column":48},"end":{"line":42,"column":64}},"type":"default-arg","locations":[{"start":{"line":42,"column":61},"end":{"line":42,"column":64}}],"line":42},"4":{"loc":{"start":{"line":42,"column":66},"end":{"line":42,"column":82}},"type":"default-arg","locations":[{"start":{"line":42,"column":73},"end":{"line":42,"column":82}}],"line":42},"5":{"loc":{"start":{"line":44,"column":4},"end":{"line":47,"column":5}},"type":"if","locations":[{"start":{"line":44,"column":4},"end":{"line":47,"column":5}},{"start":{},"end":{}}],"line":44},"6":{"loc":{"start":{"line":68,"column":4},"end":{"line":71,"column":5}},"type":"if","locations":[{"start":{"line":68,"column":4},"end":{"line":71,"column":5}},{"start":{},"end":{}}],"line":68},"7":{"loc":{"start":{"line":94,"column":4},"end":{"line":97,"column":5}},"type":"if","locations":[{"start":{"line":94,"column":4},"end":{"line":97,"column":5}},{"start":{},"end":{}}],"line":94},"8":{"loc":{"start":{"line":118,"column":4},"end":{"line":121,"column":5}},"type":"if","locations":[{"start":{"line":118,"column":4},"end":{"line":121,"column":5}},{"start":{},"end":{}}],"line":118},"9":{"loc":{"start":{"line":143,"column":4},"end":{"line":146,"column":5}},"type":"if","locations":[{"start":{"line":143,"column":4},"end":{"line":146,"column":5}},{"start":{},"end":{}}],"line":143},"10":{"loc":{"start":{"line":167,"column":4},"end":{"line":170,"column":5}},"type":"if","locations":[{"start":{"line":167,"column":4},"end":{"line":170,"column":5}},{"start":{},"end":{}}],"line":167},"11":{"loc":{"start":{"line":189,"column":52},"end":{"line":189,"column":65}},"type":"default-arg","locations":[{"start":{"line":189,"column":61},"end":{"line":189,"column":65}}],"line":189},"12":{"loc":{"start":{"line":190,"column":2},"end":{"line":192,"column":3}},"type":"if","locations":[{"start":{"line":190,"column":2},"end":{"line":192,"column":3}},{"start":{},"end":{}}],"line":190},"13":{"loc":{"start":{"line":232,"column":53},"end":{"line":232,"column":69}},"type":"default-arg","locations":[{"start":{"line":232,"column":65},"end":{"line":232,"column":69}}],"line":232},"14":{"loc":{"start":{"line":235,"column":2},"end":{"line":238,"column":3}},"type":"if","locations":[{"start":{"line":235,"column":2},"end":{"line":238,"column":3}},{"start":{},"end":{}}],"line":235}},"s":{"0":1,"1":1,"2":1,"3":1,"4":1,"5":0,"6":0,"7":0,"8":0,"9":0,"10":1,"11":1,"12":1,"13":1,"14":1,"15":1,"16":0,"17":0,"18":0,"19":0,"20":0,"21":0,"22":0,"23":0,"24":0,"25":0,"26":0,"27":0,"28":0,"29":0,"30":0,"31":0,"32":0,"33":0,"34":0,"35":0,"36":0,"37":0,"38":0,"39":0,"40":0,"41":0,"42":0,"43":0,"44":0,"45":0,"46":0,"47":0,"48":0,"49":0,"50":0,"51":0,"52":0,"53":0,"54":0,"55":0,"56":0,"57":0,"58":0,"59":0,"60":0,"61":0,"62":0,"63":0,"64":0,"65":0,"66":0,"67":0,"68":0,"69":0,"70":0,"71":0,"72":0,"73":0,"74":0,"75":0,"76":0,"77":0,"78":0,"79":0,"80":0,"81":1},"f":{"0":1,"1":0,"2":0,"3":0,"4":0,"5":0,"6":0,"7":0,"8":0},"b":{"0":[0,1],"1":[1,1],"2":[0,1],"3":[0],"4":[0],"5":[1,0],"6":[0,0],"7":[0,0],"8":[0,0],"9":[0,0],"10":[0,0],"11":[0],"12":[0,0],"13":[0],"14":[0,0]},"_coverageSchema":"1a1c01bbd47fc00a2c39e90264f33305004495a9","hash":"72b3e2c8e2e89445d4da14d813c1e6452cd32722"}
,"/home/runner/work/civicchain-backend/civicchain-backend/src/utils/priority.js": {"path":"/home/runner/work/civicchain-backend/civicchain-backend/src/utils/priority.js","statementMap":{"0":{"start":{"line":1,"column":13},"end":{"line":1,"column":42}},"1":{"start":{"line":6,"column":25},"end":{"line":12,"column":1}},"2":{"start":{"line":37,"column":17},"end":{"line":37,"column":37}},"3":{"start":{"line":39,"column":2},"end":{"line":87,"column":3}},"4":{"start":{"line":41,"column":25},"end":{"line":51,"column":5}},"5":{"start":{"line":53,"column":26},"end":{"line":53,"column":70}},"6":{"start":{"line":54,"column":26},"end":{"line":54,"column":73}},"7":{"start":{"line":55,"column":15},"end":{"line":55,"column":66}},"8":{"start":{"line":58,"column":15},"end":{"line":58,"column":46}},"9":{"start":{"line":61,"column":13},"end":{"line":61,"column":14}},"10":{"start":{"line":62,"column":4},"end":{"line":71,"column":5}},"11":{"start":{"line":63,"column":26},"end":{"line":68,"column":7}},"12":{"start":{"line":69,"column":27},"end":{"line":69,"column":70}},"13":{"start":{"line":70,"column":6},"end":{"line":70,"column":72}},"14":{"start":{"line":74,"column":15},"end":{"line":74,"column":46}},"15":{"start":{"line":77,"column":22},"end":{"line":77,"column":68}},"16":{"start":{"line":78,"column":30},"end":{"line":78,"column":100}},"17":{"start":{"line":79,"column":15},"end":{"line":79,"column":46}},"18":{"start":{"line":82,"column":21},"end":{"line":82,"column":83}},"19":{"start":{"line":84,"column":4},"end":{"line":84,"column":35}},"20":{"start":{"line":86,"column":4},"end":{"line":86,"column":21}},"21":{"start":{"line":96,"column":17},"end":{"line":96,"column":37}},"22":{"start":{"line":98,"column":2},"end":{"line":140,"column":3}},"23":{"start":{"line":100,"column":23},"end":{"line":111,"column":5}},"24":{"start":{"line":113,"column":24},"end":{"line":113,"column":66}},"25":{"start":{"line":115,"column":4},"end":{"line":117,"column":5}},"26":{"start":{"line":116,"column":6},"end":{"line":116,"column":41}},"27":{"start":{"line":119,"column":18},"end":{"line":119,"column":37}},"28":{"start":{"line":122,"column":24},"end":{"line":129,"column":6}},"29":{"start":{"line":132,"column":4},"end":{"line":135,"column":6}},"30":{"start":{"line":137,"column":4},"end":{"line":137,"column":23}},"31":{"start":{"line":139,"column":4},"end":{"line":139,"column":21}},"32":{"start":{"line":143,"column":0},"end":{"line":147,"column":2}}},"fnMap":{"0":{"name":"calculatePriorityScore","decl":{"start":{"line":29,"column":15},"end":{"line":29,"column":37}},"loc":{"start":{"line":36,"column":3},"end":{"line":88,"column":1}},"line":36},"1":{"name":"updateIssuePriority","decl":{"start":{"line":95,"column":15},"end":{"line":95,"column":34}},"loc":{"start":{"line":95,"column":45},"end":{"line":141,"column":1}},"line":95}},"branchMap":{"0":{"loc":{"start":{"line":50,"column":8},"end":{"line":50,"column":44}},"type":"cond-expr","locations":[{"start":{"line":50,"column":19},"end":{"line":50,"column":39}},{"start":{"line":50,"column":42},"end":{"line":50,"column":44}}],"line":50},"1":{"loc":{"start":{"line":53,"column":26},"end":{"line":53,"column":70}},"type":"cond-expr","locations":[{"start":{"line":53,"column":37},"end":{"line":53,"column":57}},{"start":{"line":53,"column":60},"end":{"line":53,"column":70}}],"line":53},"2":{"loc":{"start":{"line":62,"column":4},"end":{"line":71,"column":5}},"type":"if","locations":[{"start":{"line":62,"column":4},"end":{"line":71,"column":5}},{"start":{},"end":{}}],"line":62},"3":{"loc":{"start":{"line":74,"column":15},"end":{"line":74,"column":46}},"type":"binary-expr","locations":[{"start":{"line":74,"column":15},"end":{"line":74,"column":41}},{"start":{"line":74,"column":45},"end":{"line":74,"column":46}}],"line":74},"4":{"loc":{"start":{"line":77,"column":22},"end":{"line":77,"column":68}},"type":"cond-expr","locations":[{"start":{"line":77,"column":35},"end":{"line":77,"column":55}},{"start":{"line":77,"column":58},"end":{"line":77,"column":68}}],"line":77},"5":{"loc":{"start":{"line":115,"column":4},"end":{"line":117,"column":5}},"type":"if","locations":[{"start":{"line":115,"column":4},"end":{"line":117,"column":5}},{"start":{},"end":{}}],"line":115}},"s":{"0":1,"1":1,"2":0,"3":0,"4":0,"5":0,"6":0,"7":0,"8":0,"9":0,"10":0,"11":0,"12":0,"13":0,"14":0,"15":0,"16":0,"17":0,"18":0,"19":0,"20":0,"21":0,"22":0,"23":0,"24":0,"25":0,"26":0,"27":0,"28":0,"29":0,"30":0,"31":0,"32":1},"f":{"0":0,"1":0},"b":{"0":[0,0],"1":[0,0],"2":[0,0],"3":[0,0],"4":[0,0],"5":[0,0]},"_coverageSchema":"1a1c01bbd47fc00a2c39e90264f33305004495a9","hash":"8d48b3b15e825ce677dd3a07d2bc33fbb301e434"}
,"/home/runner/work/civicchain-backend/civicchain-backend/src/utils/reputation.js": {"path":"/home/runner/work/civicchain-backend/civicchain-backend/src/utils/reputation.js","statementMap":{"0":{"start":{"line":4,"column":15},"end":{"line":25,"column":1}},"1":{"start":{"line":7,"column":21},"end":{"line":7,"column":46}},"2":{"start":{"line":11,"column":21},"end":{"line":11,"column":47}},"3":{"start":{"line":15,"column":21},"end":{"line":15,"column":47}},"4":{"start":{"line":19,"column":21},"end":{"line":19,"column":50}},"5":{"start":{"line":23,"column":21},"end":{"line":23,"column":36}},"6":{"start":{"line":33,"column":24},"end":{"line":33,"column":41}},"7":{"start":{"line":34,"column":20},"end":{"line":34,"column":38}},"8":{"start":{"line":36,"column":2},"end":{"line":40,"column":3}},"9":{"start":{"line":37,"column":4},"end":{"line":39,"column":5}},"10":{"start":{"line":38,"column":6},"end":{"line":38,"column":33}},"11":{"start":{"line":42,"column":2},"end":{"line":42,"column":19}},"12":{"start":{"line":48,"column":27},"end":{"line":54,"column":1}},"13":{"start":{"line":63,"column":2},"end":{"line":63,"column":42}},"14":{"start":{"line":66,"column":0},"end":{"line":71,"column":2}}},"fnMap":{"0":{"name":"(anonymous_0)","decl":{"start":{"line":7,"column":11},"end":{"line":7,"column":12}},"loc":{"start":{"line":7,"column":21},"end":{"line":7,"column":46}},"line":7},"1":{"name":"(anonymous_1)","decl":{"start":{"line":11,"column":11},"end":{"line":11,"column":12}},"loc":{"start":{"line":11,"column":21},"end":{"line":11,"column":47}},"line":11},"2":{"name":"(anonymous_2)","decl":{"start":{"line":15,"column":11},"end":{"line":15,"column":12}},"loc":{"start":{"line":15,"column":21},"end":{"line":15,"column":47}},"line":15},"3":{"name":"(anonymous_3)","decl":{"start":{"line":19,"column":11},"end":{"line":19,"column":12}},"loc":{"start":{"line":19,"column":21},"end":{"line":19,"column":50}},"line":19},"4":{"name":"(anonymous_4)","decl":{"start":{"line":23,"column":11},"end":{"line":23,"column":12}},"loc":{"start":{"line":23,"column":21},"end":{"line":23,"column":36}},"line":23},"5":{"name":"updateBadges","decl":{"start":{"line":32,"column":9},"end":{"line":32,"column":21}},"loc":{"start":{"line":32,"column":28},"end":{"line":43,"column":1}},"line":32},"6":{"name":"calculateNewReputation","decl":{"start":{"line":62,"column":9},"end":{"line":62,"column":31}},"loc":{"start":{"line":62,"column":52},"end":{"line":64,"column":1}},"line":62}},"branchMap":{"0":{"loc":{"start":{"line":33,"column":24},"end":{"line":33,"column":41}},"type":"binary-expr","locations":[{"start":{"line":33,"column":24},"end":{"line":33,"column":35}},{"start":{"line":33,"column":39},"end":{"line":33,"column":41}}],"line":33},"1":{"loc":{"start":{"line":37,"column":4},"end":{"line":39,"column":5}},"type":"if","locations":[{"start":{"line":37,"column":4},"end":{"line":39,"column":5}},{"start":{},"end":{}}],"line":37},"2":{"loc":{"start":{"line":37,"column":8},"end":{"line":37,"column":60}},"type":"binary-expr","locations":[{"start":{"line":37,"column":8},"end":{"line":37,"column":25}},{"start":{"line":37,"column":29},"end":{"line":37,"column":60}}],"line":37}},"s":{"0":1,"1":3,"2":3,"3":3,"4":3,"5":3,"6":3,"7":3,"8":3,"9":15,"10":8,"11":3,"12":1,"13":4,"14":1},"f":{"0":3,"1":3,"2":3,"3":3,"4":3,"5":3,"6":4},"b":{"0":[3,3],"1":[8,7],"2":[15,8]},"_coverageSchema":"1a1c01bbd47fc00a2c39e90264f33305004495a9","hash":"215c18029fc085aba58d46d6bb81550f55d3af56"}
}
