TN:
SF:src/config/database.js
FN:12,(anonymous_0)
FN:16,(anonymous_1)
FNF:2
FNH:0
FNDA:0,(anonymous_0)
FNDA:0,(anonymous_1)
DA:1,1
DA:2,1
DA:4,1
DA:12,1
DA:13,0
DA:16,1
DA:17,0
DA:18,0
DA:21,1
LF:9
LH:6
BRF:0
BRH:0
end_of_record
TN:
SF:src/config/migrationRunner.js
FN:10,runMigrations
FN:19,(anonymous_1)
FN:61,(anonymous_2)
FN:65,(anonymous_3)
FNF:4
FNH:0
FNDA:0,runMigrations
FNDA:0,(anonymous_1)
FNDA:0,(anonymous_2)
FNDA:0,(anonymous_3)
DA:1,0
DA:2,0
DA:3,0
DA:4,0
DA:6,0
DA:11,0
DA:13,0
DA:14,0
DA:17,0
DA:18,0
DA:19,0
DA:22,0
DA:24,0
DA:25,0
DA:28,0
DA:29,0
DA:31,0
DA:32,0
DA:33,0
DA:36,0
DA:39,0
DA:40,0
DA:42,0
DA:44,0
DA:47,0
DA:50,0
DA:51,0
DA:53,0
DA:54,0
DA:59,0
DA:60,0
DA:62,0
DA:63,0
DA:66,0
DA:67,0
DA:71,0
LF:36
LH:0
BRDA:31,0,0,0
BRDA:31,0,1,0
BRDA:59,1,0,0
BRDA:59,1,1,0
BRF:4
BRH:0
end_of_record
TN:
SF:src/config/migrations.js
FN:3,createTables
FN:136,(anonymous_1)
FN:140,(anonymous_2)
FNF:3
FNH:0
FNDA:0,createTables
FNDA:0,(anonymous_1)
FNDA:0,(anonymous_2)
DA:1,0
DA:4,0
DA:6,0
DA:7,0
DA:10,0
DA:13,0
DA:16,0
DA:24,0
DA:32,0
DA:40,0
DA:47,0
DA:50,0
DA:68,0
DA:71,0
DA:91,0
DA:94,0
DA:97,0
DA:100,0
DA:110,0
DA:113,0
DA:122,0
DA:124,0
DA:126,0
DA:127,0
DA:129,0
DA:134,0
DA:135,0
DA:137,0
DA:138,0
DA:141,0
DA:142,0
DA:146,0
LF:32
LH:0
BRDA:134,0,0,0
BRDA:134,0,1,0
BRF:2
BRH:0
end_of_record
TN:
SF:src/config/solana.js
FN:27,fundWallet
FN:58,getBalance
FN:70,checkAndRefillWallet
FNF:3
FNH:0
FNDA:0,fundWallet
FNDA:0,getBalance
FNDA:0,checkAndRefillWallet
DA:1,0
DA:2,0
DA:4,0
DA:10,0
DA:11,0
DA:12,0
DA:13,0
DA:14,0
DA:15,0
DA:17,0
DA:28,0
DA:29,0
DA:32,0
DA:33,0
DA:35,0
DA:43,0
DA:50,0
DA:59,0
DA:60,0
DA:61,0
DA:71,0
DA:73,0
DA:74,0
DA:75,0
DA:78,0
DA:81,0
LF:26
LH:0
BRDA:5,0,0,0
BRDA:5,0,1,0
BRDA:11,1,0,0
BRDA:11,1,1,0
BRDA:27,2,0,0
BRDA:28,3,0,0
BRDA:28,3,1,0
BRDA:70,4,0,0
BRDA:73,5,0,0
BRDA:73,5,1,0
BRF:10
BRH:0
end_of_record
TN:
SF:src/controllers/adminController.js
FN:8,getDashboard
FN:75,(anonymous_1)
FN:80,(anonymous_2)
FN:88,(anonymous_3)
FN:122,getAdminIssues
FN:232,(anonymous_5)
FN:282,updateIssueStatus
FNF:7
FNH:0
FNDA:0,getDashboard
FNDA:0,(anonymous_1)
FNDA:0,(anonymous_2)
FNDA:0,(anonymous_3)
FNDA:0,getAdminIssues
FNDA:0,(anonymous_5)
FNDA:0,updateIssueStatus
DA:1,0
DA:2,0
DA:9,0
DA:11,0
DA:13,0
DA:23,0
DA:24,0
DA:27,0
DA:33,0
DA:36,0
DA:47,0
DA:50,0
DA:63,0
DA:65,0
DA:75,0
DA:80,0
DA:88,0
DA:108,0
DA:109,0
DA:114,0
DA:123,0
DA:125,0
DA:126,0
DA:128,0
DA:129,0
DA:130,0
DA:132,0
DA:146,0
DA:147,0
DA:150,0
DA:151,0
DA:152,0
DA:153,0
DA:156,0
DA:157,0
DA:158,0
DA:159,0
DA:162,0
DA:163,0
DA:164,0
DA:165,0
DA:168,0
DA:169,0
DA:170,0
DA:171,0
DA:175,0
DA:181,0
DA:182,0
DA:185,0
DA:186,0
DA:187,0
DA:189,0
DA:190,0
DA:191,0
DA:193,0
DA:196,0
DA:202,0
DA:203,0
DA:205,0
DA:206,0
DA:207,0
DA:208,0
DA:211,0
DA:212,0
DA:213,0
DA:214,0
DA:217,0
DA:218,0
DA:219,0
DA:220,0
DA:223,0
DA:224,0
DA:225,0
DA:226,0
DA:229,0
DA:230,0
DA:232,0
DA:256,0
DA:268,0
DA:269,0
DA:274,0
DA:283,0
DA:285,0
DA:286,0
DA:287,0
DA:290,0
DA:291,0
DA:292,0
DA:298,0
DA:301,0
DA:302,0
DA:304,0
DA:305,0
DA:306,0
DA:313,0
DA:319,0
DA:320,0
DA:321,0
DA:322,0
DA:329,0
DA:330,0
DA:335,0
DA:338,0
DA:346,0
DA:347,0
DA:349,0
DA:362,0
DA:363,0
DA:364,0
DA:369,0
DA:373,0
LF:111
LH:0
BRDA:74,0,0,0
BRDA:74,0,1,0
BRDA:128,1,0,0
BRDA:128,1,1,0
BRDA:129,2,0,0
BRDA:129,2,1,0
BRDA:150,3,0,0
BRDA:150,3,1,0
BRDA:156,4,0,0
BRDA:156,4,1,0
BRDA:162,5,0,0
BRDA:162,5,1,0
BRDA:168,6,0,0
BRDA:168,6,1,0
BRDA:181,7,0,0
BRDA:181,7,1,0
BRDA:205,8,0,0
BRDA:205,8,1,0
BRDA:211,9,0,0
BRDA:211,9,1,0
BRDA:217,10,0,0
BRDA:217,10,1,0
BRDA:223,11,0,0
BRDA:223,11,1,0
BRDA:291,12,0,0
BRDA:291,12,1,0
BRDA:304,13,0,0
BRDA:304,13,1,0
BRDA:320,14,0,0
BRDA:320,14,1,0
BRF:30
BRH:0
end_of_record
TN:
SF:src/controllers/authController.js
FN:13,login
FNF:1
FNH:0
FNDA:0,login
DA:1,0
DA:2,0
DA:3,0
DA:4,0
DA:5,0
DA:6,0
DA:14,0
DA:16,0
DA:17,0
DA:19,0
DA:20,0
DA:28,0
DA:29,0
DA:31,0
DA:37,0
DA:39,0
DA:40,0
DA:47,0
DA:48,0
DA:51,0
DA:53,0
DA:55,0
DA:56,0
DA:59,0
DA:60,0
DA:63,0
DA:72,0
DA:73,0
DA:75,0
DA:86,0
DA:87,0
DA:90,0
DA:91,0
DA:92,0
DA:94,0
DA:99,0
DA:100,0
DA:101,0
DA:103,0
DA:108,0
DA:129,0
DA:130,0
DA:135,0
DA:139,0
LF:44
LH:0
BRDA:19,0,0,0
BRDA:19,0,1,0
BRDA:39,1,0,0
BRDA:39,1,1,0
BRDA:39,2,0,0
BRDA:39,2,1,0
BRDA:53,3,0,0
BRDA:53,3,1,0
BRDA:79,4,0,0
BRDA:79,4,1,0
BRF:10
BRH:0
end_of_record
TN:
SF:src/controllers/issueController.js
FN:14,classifyIssue
FN:50,reportIssue
FN:192,getIssues
FN:262,(anonymous_3)
FN:306,getIssueById
FNF:5
FNH:0
FNDA:0,classifyIssue
FNDA:0,reportIssue
FNDA:0,getIssues
FNDA:0,(anonymous_3)
FNDA:0,getIssueById
DA:1,0
DA:2,0
DA:3,0
DA:4,0
DA:5,0
DA:6,0
DA:7,0
DA:8,0
DA:15,0
DA:16,0
DA:17,0
DA:23,0
DA:24,0
DA:27,0
DA:28,0
DA:30,0
DA:38,0
DA:39,0
DA:51,0
DA:53,0
DA:54,0
DA:55,0
DA:58,0
DA:59,0
DA:66,0
DA:67,0
DA:68,0
DA:74,0
DA:77,0
DA:78,0
DA:79,0
DA:82,0
DA:91,0
DA:92,0
DA:101,0
DA:114,0
DA:117,0
DA:123,0
DA:124,0
DA:125,0
DA:128,0
DA:134,0
DA:139,0
DA:142,0
DA:150,0
DA:151,0
DA:153,0
DA:176,0
DA:177,0
DA:178,0
DA:184,0
DA:193,0
DA:195,0
DA:196,0
DA:198,0
DA:208,0
DA:209,0
DA:217,0
DA:223,0
DA:224,0
DA:227,0
DA:228,0
DA:229,0
DA:230,0
DA:235,0
DA:236,0
DA:240,0
DA:241,0
DA:242,0
DA:243,0
DA:247,0
DA:248,0
DA:249,0
DA:250,0
DA:254,0
DA:255,0
DA:257,0
DA:260,0
DA:262,0
DA:285,0
DA:292,0
DA:293,0
DA:298,0
DA:307,0
DA:309,0
DA:310,0
DA:312,0
DA:326,0
DA:328,0
DA:329,0
DA:335,0
DA:337,0
DA:365,0
DA:366,0
DA:371,0
DA:375,0
LF:96
LH:0
BRDA:16,0,0,0
BRDA:16,0,1,0
BRDA:28,1,0,0
BRDA:28,1,1,0
BRDA:58,2,0,0
BRDA:58,2,1,0
BRDA:58,3,0,0
BRDA:58,3,1,0
BRDA:58,3,2,0
BRDA:58,3,3,0
BRDA:58,3,4,0
BRDA:67,4,0,0
BRDA:67,4,1,0
BRDA:110,5,0,0
BRDA:110,5,1,0
BRDA:208,6,0,0
BRDA:208,6,1,0
BRDA:208,7,0,0
BRDA:208,7,1,0
BRDA:227,8,0,0
BRDA:227,8,1,0
BRDA:227,9,0,0
BRDA:227,9,1,0
BRDA:229,10,0,0
BRDA:229,10,1,0
BRDA:240,11,0,0
BRDA:240,11,1,0
BRDA:247,12,0,0
BRDA:247,12,1,0
BRDA:254,13,0,0
BRDA:254,13,1,0
BRDA:254,14,0,0
BRDA:254,14,1,0
BRDA:282,15,0,0
BRDA:282,15,1,0
BRDA:328,16,0,0
BRDA:328,16,1,0
BRF:37
BRH:0
end_of_record
TN:
SF:src/controllers/userController.js
FN:7,getCurrentUser
FN:59,getUserById
FNF:2
FNH:0
FNDA:0,getCurrentUser
FNDA:0,getUserById
DA:1,0
DA:8,0
DA:10,0
DA:11,0
DA:13,0
DA:14,0
DA:16,0
DA:17,0
DA:23,0
DA:25,0
DA:45,0
DA:46,0
DA:51,0
DA:60,0
DA:62,0
DA:63,0
DA:65,0
DA:66,0
DA:68,0
DA:69,0
DA:75,0
DA:78,0
DA:97,0
DA:98,0
DA:103,0
DA:107,0
LF:26
LH:0
BRDA:16,0,0,0
BRDA:16,0,1,0
BRDA:68,1,0,0
BRDA:68,1,1,0
BRF:4
BRH:0
end_of_record
TN:
SF:src/controllers/verificationController.js
FN:10,verifyIssue
FNF:1
FNH:0
FNDA:0,verifyIssue
DA:1,0
DA:2,0
DA:3,0
DA:4,0
DA:11,0
DA:13,0
DA:14,0
DA:15,0
DA:16,0
DA:19,0
DA:20,0
DA:26,0
DA:29,0
DA:30,0
DA:32,0
DA:33,0
DA:34,0
DA:40,0
DA:42,0
DA:43,0
DA:44,0
DA:51,0
DA:52,0
DA:54,0
DA:55,0
DA:56,0
DA:63,0
DA:64,0
DA:65,0
DA:71,0
DA:72,0
DA:73,0
DA:80,0
DA:81,0
DA:87,0
DA:88,0
DA:89,0
DA:91,0
DA:92,0
DA:98,0
DA:99,0
DA:100,0
DA:103,0
DA:104,0
DA:105,0
DA:107,0
DA:108,0
DA:114,0
DA:115,0
DA:116,0
DA:119,0
DA:120,0
DA:121,0
DA:123,0
DA:124,0
DA:125,0
DA:127,0
DA:128,0
DA:134,0
DA:139,0
DA:140,0
DA:144,0
DA:147,0
DA:148,0
DA:150,0
DA:153,0
DA:162,0
DA:163,0
DA:165,0
DA:182,0
DA:183,0
DA:184,0
DA:189,0
DA:193,0
LF:74
LH:0
BRDA:19,0,0,0
BRDA:19,0,1,0
BRDA:32,1,0,0
BRDA:32,1,1,0
BRDA:42,2,0,0
BRDA:42,2,1,0
BRDA:54,3,0,0
BRDA:54,3,1,0
BRDA:63,4,0,0
BRDA:63,4,1,0
BRDA:71,5,0,0
BRDA:71,5,1,0
BRDA:127,6,0,0
BRDA:127,6,1,0
BRF:14
BRH:0
end_of_record
TN:
SF:src/controllers/voteController.js
FN:11,upvoteIssue
FN:137,downvoteIssue
FNF:2
FNH:0
FNDA:0,upvoteIssue
FNDA:0,downvoteIssue
DA:1,0
DA:2,0
DA:3,0
DA:4,0
DA:5,0
DA:12,0
DA:14,0
DA:15,0
DA:16,0
DA:18,0
DA:21,0
DA:22,0
DA:24,0
DA:25,0
DA:26,0
DA:32,0
DA:35,0
DA:36,0
DA:38,0
DA:39,0
DA:40,0
DA:47,0
DA:48,0
DA:49,0
DA:56,0
DA:57,0
DA:63,0
DA:69,0
DA:70,0
DA:71,0
DA:73,0
DA:74,0
DA:80,0
DA:81,0
DA:82,0
DA:85,0
DA:88,0
DA:90,0
DA:93,0
DA:96,0
DA:104,0
DA:105,0
DA:107,0
DA:122,0
DA:123,0
DA:124,0
DA:129,0
DA:138,0
DA:140,0
DA:141,0
DA:142,0
DA:144,0
DA:147,0
DA:148,0
DA:150,0
DA:151,0
DA:152,0
DA:158,0
DA:161,0
DA:162,0
DA:164,0
DA:165,0
DA:166,0
DA:173,0
DA:174,0
DA:175,0
DA:182,0
DA:183,0
DA:189,0
DA:195,0
DA:196,0
DA:197,0
DA:199,0
DA:200,0
DA:206,0
DA:207,0
DA:208,0
DA:211,0
DA:214,0
DA:216,0
DA:219,0
DA:222,0
DA:230,0
DA:231,0
DA:233,0
DA:248,0
DA:249,0
DA:250,0
DA:255,0
DA:259,0
LF:90
LH:0
BRDA:24,0,0,0
BRDA:24,0,1,0
BRDA:38,1,0,0
BRDA:38,1,1,0
BRDA:47,2,0,0
BRDA:47,2,1,0
BRDA:150,3,0,0
BRDA:150,3,1,0
BRDA:164,4,0,0
BRDA:164,4,1,0
BRDA:173,5,0,0
BRDA:173,5,1,0
BRF:12
BRH:0
end_of_record
TN:
SF:src/middleware/auth.js
FN:7,(anonymous_0)
FN:53,(anonymous_1)
FNF:2
FNH:0
FNDA:0,(anonymous_0)
FNDA:0,(anonymous_1)
DA:1,0
DA:2,0
DA:7,0
DA:8,0
DA:10,0
DA:12,0
DA:13,0
DA:19,0
DA:22,0
DA:25,0
DA:27,0
DA:29,0
DA:30,0
DA:36,0
DA:37,0
DA:43,0
DA:53,0
DA:54,0
DA:55,0
DA:60,0
DA:63,0
LF:21
LH:0
BRDA:12,0,0,0
BRDA:12,0,1,0
BRDA:12,1,0,0
BRDA:12,1,1,0
BRDA:29,2,0,0
BRDA:29,2,1,0
BRDA:36,3,0,0
BRDA:36,3,1,0
BRDA:54,4,0,0
BRDA:54,4,1,0
BRF:10
BRH:0
end_of_record
TN:
SF:src/routes/adminRoutes.js
FNF:0
FNH:0
DA:1,0
DA:2,0
DA:3,0
DA:4,0
DA:7,0
DA:10,0
DA:12,0
LF:7
LH:0
BRF:0
BRH:0
end_of_record
TN:
SF:src/routes/authRoutes.js
FNF:0
FNH:0
DA:1,0
DA:2,0
DA:3,0
DA:6,0
DA:8,0
LF:5
LH:0
BRF:0
BRH:0
end_of_record
TN:
SF:src/routes/issueRoutes.js
FN:13,(anonymous_0)
FN:16,(anonymous_1)
FN:27,(anonymous_2)
FNF:3
FNH:0
FNDA:0,(anonymous_0)
FNDA:0,(anonymous_1)
FNDA:0,(anonymous_2)
DA:1,0
DA:2,0
DA:3,0
DA:4,0
DA:5,0
DA:6,0
DA:7,0
DA:8,0
DA:9,0
DA:12,0
DA:14,0
DA:17,0
DA:18,0
DA:22,0
DA:28,0
DA:29,0
DA:30,0
DA:32,0
DA:38,0
DA:41,0
DA:44,0
DA:47,0
DA:50,0
DA:53,0
DA:56,0
DA:59,0
DA:61,0
LF:27
LH:0
BRDA:25,0,0,0
BRDA:25,0,1,0
BRDA:28,1,0,0
BRDA:28,1,1,0
BRDA:29,2,0,0
BRDA:29,2,1,0
BRF:6
BRH:0
end_of_record
TN:
SF:src/routes/userRoutes.js
FNF:0
FNH:0
DA:1,0
DA:2,0
DA:3,0
DA:4,0
DA:7,0
DA:10,0
DA:12,0
LF:7
LH:0
BRF:0
BRH:0
end_of_record
TN:
SF:src/services/aiService.js
FN:10,classifyImageWithAI
FN:38,(anonymous_1)
FN:42,(anonymous_2)
FN:73,normalizeCategory
FNF:4
FNH:1
FNDA:0,classifyImageWithAI
FNDA:0,(anonymous_1)
FNDA:0,(anonymous_2)
FNDA:15,normalizeCategory
DA:1,1
DA:2,1
DA:3,1
DA:11,0
DA:12,0
DA:13,0
DA:16,0
DA:19,0
DA:29,0
DA:32,0
DA:33,0
DA:34,0
DA:38,0
DA:41,0
DA:42,0
DA:43,0
DA:46,0
DA:47,0
DA:51,0
DA:52,0
DA:53,0
DA:56,0
DA:59,0
DA:60,0
DA:61,0
DA:64,0
DA:74,15
DA:88,15
DA:89,15
DA:92,1
LF:30
LH:7
BRDA:12,0,0,0
BRDA:12,0,1,0
BRDA:13,1,0,0
BRDA:13,1,1,0
BRDA:32,2,0,0
BRDA:32,2,1,0
BRDA:32,3,0,0
BRDA:32,3,1,0
BRDA:41,4,0,0
BRDA:41,4,1,0
BRDA:43,5,0,0
BRDA:43,5,1,0
BRDA:59,6,0,0
BRDA:59,6,1,0
BRDA:59,7,0,0
BRDA:59,7,1,0
BRDA:89,8,0,15
BRDA:89,8,1,3
BRF:18
BRH:2
end_of_record
TN:
SF:src/services/solanaService.js
FN:42,createUserOnChain
FN:66,createIssueOnChain
FN:92,recordVoteOnChain
FN:116,recordVerificationOnChain
FN:141,updateIssueStatusOnChain
FN:165,updateReputationOnChain
FN:189,fundWallet
FN:220,getBalance
FN:232,checkAndRefillWallet
FNF:9
FNH:1
FNDA:1,createUserOnChain
FNDA:0,createIssueOnChain
FNDA:0,recordVoteOnChain
FNDA:0,recordVerificationOnChain
FNDA:0,updateIssueStatusOnChain
FNDA:0,updateReputationOnChain
FNDA:0,fundWallet
FNDA:0,getBalance
FNDA:0,checkAndRefillWallet
DA:9,1
DA:10,1
DA:11,1
DA:14,1
DA:15,1
DA:16,0
DA:17,0
DA:18,0
DA:19,0
DA:21,0
DA:25,1
DA:31,1
DA:43,1
DA:44,1
DA:45,1
DA:46,1
DA:51,0
DA:52,0
DA:53,0
DA:56,0
DA:57,0
DA:67,0
DA:68,0
DA:69,0
DA:70,0
DA:75,0
DA:76,0
DA:77,0
DA:80,0
DA:81,0
DA:93,0
DA:94,0
DA:95,0
DA:96,0
DA:100,0
DA:101,0
DA:102,0
DA:105,0
DA:106,0
DA:117,0
DA:118,0
DA:119,0
DA:120,0
DA:124,0
DA:125,0
DA:126,0
DA:129,0
DA:130,0
DA:142,0
DA:143,0
DA:144,0
DA:145,0
DA:149,0
DA:150,0
DA:151,0
DA:154,0
DA:155,0
DA:166,0
DA:167,0
DA:168,0
DA:169,0
DA:173,0
DA:174,0
DA:175,0
DA:178,0
DA:179,0
DA:190,0
DA:191,0
DA:194,0
DA:195,0
DA:197,0
DA:205,0
DA:212,0
DA:221,0
DA:222,0
DA:223,0
DA:233,0
DA:235,0
DA:236,0
DA:237,0
DA:240,0
DA:243,1
LF:82
LH:12
BRDA:15,0,0,0
BRDA:15,0,1,1
BRDA:26,1,0,1
BRDA:26,1,1,1
BRDA:31,2,0,0
BRDA:31,2,1,1
BRDA:42,3,0,0
BRDA:42,4,0,0
BRDA:44,5,0,1
BRDA:44,5,1,0
BRDA:68,6,0,0
BRDA:68,6,1,0
BRDA:94,7,0,0
BRDA:94,7,1,0
BRDA:118,8,0,0
BRDA:118,8,1,0
BRDA:143,9,0,0
BRDA:143,9,1,0
BRDA:167,10,0,0
BRDA:167,10,1,0
BRDA:189,11,0,0
BRDA:190,12,0,0
BRDA:190,12,1,0
BRDA:232,13,0,0
BRDA:235,14,0,0
BRDA:235,14,1,0
BRF:26
BRH:5
end_of_record
TN:
SF:src/utils/priority.js
FN:29,calculatePriorityScore
FN:95,updateIssuePriority
FNF:2
FNH:0
FNDA:0,calculatePriorityScore
FNDA:0,updateIssuePriority
DA:1,1
DA:6,1
DA:37,0
DA:39,0
DA:41,0
DA:53,0
DA:54,0
DA:55,0
DA:58,0
DA:61,0
DA:62,0
DA:63,0
DA:69,0
DA:70,0
DA:74,0
DA:77,0
DA:78,0
DA:79,0
DA:82,0
DA:84,0
DA:86,0
DA:96,0
DA:98,0
DA:100,0
DA:113,0
DA:115,0
DA:116,0
DA:119,0
DA:122,0
DA:132,0
DA:137,0
DA:139,0
DA:143,1
LF:33
LH:3
BRDA:50,0,0,0
BRDA:50,0,1,0
BRDA:53,1,0,0
BRDA:53,1,1,0
BRDA:62,2,0,0
BRDA:62,2,1,0
BRDA:74,3,0,0
BRDA:74,3,1,0
BRDA:77,4,0,0
BRDA:77,4,1,0
BRDA:115,5,0,0
BRDA:115,5,1,0
BRF:12
BRH:0
end_of_record
TN:
SF:src/utils/reputation.js
FN:7,(anonymous_0)
FN:11,(anonymous_1)
FN:15,(anonymous_2)
FN:19,(anonymous_3)
FN:23,(anonymous_4)
FN:32,updateBadges
FN:62,calculateNewReputation
FNF:7
FNH:7
FNDA:3,(anonymous_0)
FNDA:3,(anonymous_1)
FNDA:3,(anonymous_2)
FNDA:3,(anonymous_3)
FNDA:3,(anonymous_4)
FNDA:3,updateBadges
FNDA:4,calculateNewReputation
DA:4,1
DA:7,3
DA:11,3
DA:15,3
DA:19,3
DA:23,3
DA:33,3
DA:34,3
DA:36,3
DA:37,15
DA:38,8
DA:42,3
DA:48,1
DA:63,4
DA:66,1
LF:15
LH:15
BRDA:33,0,0,3
BRDA:33,0,1,3
BRDA:37,1,0,8
BRDA:37,1,1,7
BRDA:37,2,0,15
BRDA:37,2,1,8
BRF:6
BRH:6
end_of_record
